<?xml version="1.0" encoding="UTF-8"?>
<coverage generated="1735783668061" clover="3.2.0">
  <project timestamp="1735783668061" name="All files">
    <metrics statements="147" coveredstatements="127" conditionals="14" coveredconditionals="8" methods="21" coveredmethods="18" elements="182" coveredelements="153" complexity="0" loc="147" ncloc="147" packages="4" files="11" classes="11"/>
    <package name="src">
      <metrics statements="28" coveredstatements="25" conditionals="2" coveredconditionals="1" methods="7" coveredmethods="5"/>
      <file name="server.ts" path="C:\Users\yotam\Desktop\Projects Web App\app_a\src\server.ts">
        <metrics statements="28" coveredstatements="25" conditionals="2" coveredconditionals="1" methods="7" coveredmethods="5"/>
        <line num="1" count="3" type="stmt"/>
        <line num="3" count="3" type="stmt"/>
        <line num="4" count="3" type="stmt"/>
        <line num="5" count="3" type="stmt"/>
        <line num="6" count="3" type="stmt"/>
        <line num="7" count="3" type="stmt"/>
        <line num="8" count="3" type="stmt"/>
        <line num="9" count="3" type="stmt"/>
        <line num="11" count="3" type="stmt"/>
        <line num="12" count="3" type="stmt"/>
        <line num="13" count="3" type="stmt"/>
        <line num="14" count="3" type="stmt"/>
        <line num="15" count="3" type="stmt"/>
        <line num="16" count="3" type="stmt"/>
        <line num="18" count="3" type="stmt"/>
        <line num="19" count="3" type="stmt"/>
        <line num="20" count="3" type="stmt"/>
        <line num="22" count="3" type="stmt"/>
        <line num="23" count="3" type="stmt"/>
        <line num="24" count="3" type="cond" truecount="1" falsecount="1"/>
        <line num="25" count="0" type="stmt"/>
        <line num="26" count="0" type="stmt"/>
        <line num="28" count="3" type="stmt"/>
        <line num="29" count="3" type="stmt"/>
        <line num="30" count="3" type="stmt"/>
        <line num="31" count="0" type="stmt"/>
        <line num="33" count="3" type="stmt"/>
        <line num="39" count="3" type="stmt"/>
      </file>
    </package>
    <package name="src.controllers">
      <metrics statements="82" coveredstatements="65" conditionals="12" coveredconditionals="7" methods="13" coveredmethods="12"/>
      <file name="auth_controller.ts" path="C:\Users\yotam\Desktop\Projects Web App\app_a\src\controllers\auth_controller.ts">
        <metrics statements="43" coveredstatements="36" conditionals="8" coveredconditionals="5" methods="6" coveredmethods="6"/>
        <line num="2" count="3" type="stmt"/>
        <line num="3" count="3" type="stmt"/>
        <line num="4" count="3" type="stmt"/>
        <line num="7" count="4" type="stmt"/>
        <line num="8" count="4" type="stmt"/>
        <line num="9" count="4" type="stmt"/>
        <line num="10" count="4" type="stmt"/>
        <line num="11" count="4" type="stmt"/>
        <line num="12" count="3" type="stmt"/>
        <line num="16" count="1" type="stmt"/>
        <line num="18" count="3" type="stmt"/>
        <line num="23" count="3" type="stmt"/>
        <line num="24" count="3" type="stmt"/>
        <line num="26" count="3" type="stmt"/>
        <line num="27" count="3" type="cond" truecount="1" falsecount="0"/>
        <line num="28" count="1" type="stmt"/>
        <line num="29" count="1" type="stmt"/>
        <line num="32" count="2" type="stmt"/>
        <line num="33" count="2" type="cond" truecount="1" falsecount="0"/>
        <line num="34" count="1" type="stmt"/>
        <line num="35" count="1" type="stmt"/>
        <line num="38" count="1" type="cond" truecount="0" falsecount="1"/>
        <line num="39" count="0" type="stmt"/>
        <line num="40" count="0" type="stmt"/>
        <line num="44" count="1" type="stmt"/>
        <line num="47" count="1" type="stmt"/>
        <line num="49" count="0" type="stmt"/>
        <line num="58" count="3" type="stmt"/>
        <line num="59" count="7" type="stmt"/>
        <line num="60" count="7" type="cond" truecount="2" falsecount="0"/>
        <line num="63" count="7" type="cond" truecount="1" falsecount="0"/>
        <line num="64" count="6" type="stmt"/>
        <line num="65" count="6" type="stmt"/>
        <line num="67" count="1" type="cond" truecount="0" falsecount="1"/>
        <line num="68" count="0" type="stmt"/>
        <line num="69" count="0" type="stmt"/>
        <line num="73" count="1" type="stmt"/>
        <line num="74" count="1" type="cond" truecount="0" falsecount="1"/>
        <line num="75" count="0" type="stmt"/>
        <line num="76" count="0" type="stmt"/>
        <line num="78" count="1" type="stmt"/>
        <line num="79" count="1" type="stmt"/>
        <line num="83" count="3" type="stmt"/>
      </file>
      <file name="base_controller.ts" path="C:\Users\yotam\Desktop\Projects Web App\app_a\src\controllers\base_controller.ts">
        <metrics statements="27" coveredstatements="17" conditionals="4" coveredconditionals="2" methods="5" coveredmethods="4"/>
        <line num="7" count="6" type="stmt"/>
        <line num="11" count="7" type="stmt"/>
        <line num="12" count="7" type="stmt"/>
        <line num="13" count="7" type="cond" truecount="2" falsecount="0"/>
        <line num="14" count="2" type="stmt"/>
        <line num="15" count="2" type="stmt"/>
        <line num="17" count="5" type="stmt"/>
        <line num="18" count="5" type="stmt"/>
        <line num="21" count="0" type="stmt"/>
        <line num="26" count="2" type="stmt"/>
        <line num="27" count="2" type="stmt"/>
        <line num="28" count="2" type="stmt"/>
        <line num="29" count="0" type="cond" truecount="0" falsecount="2"/>
        <line num="30" count="0" type="stmt"/>
        <line num="32" count="0" type="stmt"/>
        <line num="35" count="2" type="stmt"/>
        <line num="40" count="1" type="stmt"/>
        <line num="41" count="1" type="stmt"/>
        <line num="42" count="1" type="stmt"/>
        <line num="43" count="1" type="stmt"/>
        <line num="45" count="0" type="stmt"/>
        <line num="50" count="0" type="stmt"/>
        <line num="51" count="0" type="stmt"/>
        <line num="52" count="0" type="stmt"/>
        <line num="53" count="0" type="stmt"/>
        <line num="55" count="0" type="stmt"/>
        <line num="61" count="3" type="stmt"/>
      </file>
      <file name="comment_controller.ts" path="C:\Users\yotam\Desktop\Projects Web App\app_a\src\controllers\comment_controller.ts">
        <metrics statements="4" coveredstatements="4" conditionals="0" coveredconditionals="0" methods="0" coveredmethods="0"/>
        <line num="1" count="3" type="stmt"/>
        <line num="3" count="3" type="stmt"/>
        <line num="5" count="3" type="stmt"/>
        <line num="7" count="3" type="stmt"/>
      </file>
      <file name="post_controller.ts" path="C:\Users\yotam\Desktop\Projects Web App\app_a\src\controllers\post_controller.ts">
        <metrics statements="8" coveredstatements="8" conditionals="0" coveredconditionals="0" methods="2" coveredmethods="2"/>
        <line num="1" count="3" type="stmt"/>
        <line num="3" count="3" type="stmt"/>
        <line num="7" count="3" type="stmt"/>
        <line num="10" count="1" type="stmt"/>
        <line num="11" count="1" type="stmt"/>
        <line num="15" count="1" type="stmt"/>
        <line num="16" count="1" type="stmt"/>
        <line num="21" count="3" type="stmt"/>
      </file>
    </package>
    <package name="src.models">
      <metrics statements="12" coveredstatements="12" conditionals="0" coveredconditionals="0" methods="0" coveredmethods="0"/>
      <file name="comments_model.ts" path="C:\Users\yotam\Desktop\Projects Web App\app_a\src\models\comments_model.ts">
        <metrics statements="4" coveredstatements="4" conditionals="0" coveredconditionals="0" methods="0" coveredmethods="0"/>
        <line num="1" count="3" type="stmt"/>
        <line num="8" count="3" type="stmt"/>
        <line num="23" count="3" type="stmt"/>
        <line num="24" count="3" type="stmt"/>
      </file>
      <file name="posts_model.ts" path="C:\Users\yotam\Desktop\Projects Web App\app_a\src\models\posts_model.ts">
        <metrics statements="4" coveredstatements="4" conditionals="0" coveredconditionals="0" methods="0" coveredmethods="0"/>
        <line num="1" count="3" type="stmt"/>
        <line num="10" count="3" type="stmt"/>
        <line num="22" count="3" type="stmt"/>
        <line num="23" count="3" type="stmt"/>
      </file>
      <file name="users_model.ts" path="C:\Users\yotam\Desktop\Projects Web App\app_a\src\models\users_model.ts">
        <metrics statements="4" coveredstatements="4" conditionals="0" coveredconditionals="0" methods="0" coveredmethods="0"/>
        <line num="1" count="3" type="stmt"/>
        <line num="10" count="3" type="stmt"/>
        <line num="22" count="3" type="stmt"/>
        <line num="23" count="3" type="stmt"/>
      </file>
    </package>
    <package name="src.routes">
      <metrics statements="25" coveredstatements="25" conditionals="0" coveredconditionals="0" methods="1" coveredmethods="1"/>
      <file name="auth_routes.ts" path="C:\Users\yotam\Desktop\Projects Web App\app_a\src\routes\auth_routes.ts">
        <metrics statements="6" coveredstatements="6" conditionals="0" coveredconditionals="0" methods="0" coveredmethods="0"/>
        <line num="1" count="3" type="stmt"/>
        <line num="2" count="3" type="stmt"/>
        <line num="3" count="3" type="stmt"/>
        <line num="5" count="3" type="stmt"/>
        <line num="6" count="3" type="stmt"/>
        <line num="9" count="3" type="stmt"/>
      </file>
      <file name="comments_routes.ts" path="C:\Users\yotam\Desktop\Projects Web App\app_a\src\routes\comments_routes.ts">
        <metrics statements="10" coveredstatements="10" conditionals="0" coveredconditionals="0" methods="1" coveredmethods="1"/>
        <line num="1" count="3" type="stmt"/>
        <line num="2" count="3" type="stmt"/>
        <line num="3" count="3" type="stmt"/>
        <line num="4" count="3" type="stmt"/>
        <line num="6" count="3" type="stmt"/>
        <line num="7" count="3" type="stmt"/>
        <line num="8" count="1" type="stmt"/>
        <line num="10" count="3" type="stmt"/>
        <line num="11" count="3" type="stmt"/>
        <line num="13" count="3" type="stmt"/>
      </file>
      <file name="posts_routes.ts" path="C:\Users\yotam\Desktop\Projects Web App\app_a\src\routes\posts_routes.ts">
        <metrics statements="9" coveredstatements="9" conditionals="0" coveredconditionals="0" methods="0" coveredmethods="0"/>
        <line num="1" count="3" type="stmt"/>
        <line num="2" count="3" type="stmt"/>
        <line num="3" count="3" type="stmt"/>
        <line num="4" count="3" type="stmt"/>
        <line num="8" count="3" type="stmt"/>
        <line num="9" count="3" type="stmt"/>
        <line num="11" count="3" type="stmt"/>
        <line num="12" count="3" type="stmt"/>
        <line num="14" count="3" type="stmt"/>
      </file>
    </package>
  </project>
</coverage>
