{"C:\\Users\\yotam\\Desktop\\Projects Web App\\app_a\\src\\server.ts": {"path":"C:\\Users\\yotam\\Desktop\\Projects Web App\\app_a\\src\\server.ts","statementMap":{"0":{"start":{"line":2,"column":0},"end":{"line":2,"column":43}},"1":{"start":{"line":3,"column":12},"end":{"line":3,"column":21}},"2":{"start":{"line":4,"column":0},"end":{"line":4,"column":28}},"3":{"start":{"line":5,"column":0},"end":{"line":5,"column":16}},"4":{"start":{"line":6,"column":0},"end":{"line":6,"column":32}},"5":{"start":{"line":7,"column":0},"end":{"line":7,"column":48}},"6":{"start":{"line":8,"column":0},"end":{"line":8,"column":54}},"7":{"start":{"line":9,"column":0},"end":{"line":9,"column":37}},"8":{"start":{"line":10,"column":0},"end":{"line":10,"column":46}},"9":{"start":{"line":11,"column":0},"end":{"line":11,"column":41}},"10":{"start":{"line":12,"column":0},"end":{"line":12,"column":43}},"11":{"start":{"line":16,"column":0},"end":{"line":16,"column":27}},"12":{"start":{"line":17,"column":0},"end":{"line":17,"column":51}},"13":{"start":{"line":18,"column":0},"end":{"line":18,"column":31}},"14":{"start":{"line":19,"column":0},"end":{"line":19,"column":37}},"15":{"start":{"line":20,"column":0},"end":{"line":20,"column":29}},"16":{"start":{"line":21,"column":0},"end":{"line":21,"column":59}},"17":{"start":{"line":21,"column":33},"end":{"line":21,"column":56}},"18":{"start":{"line":24,"column":16},"end":{"line":35,"column":2}},"19":{"start":{"line":36,"column":14},"end":{"line":36,"column":35}},"20":{"start":{"line":37,"column":0},"end":{"line":37,"column":62}},"21":{"start":{"line":43,"column":16},"end":{"line":56,"column":1}},"22":{"start":{"line":44,"column":2},"end":{"line":55,"column":5}},"23":{"start":{"line":45,"column":15},"end":{"line":45,"column":34}},"24":{"start":{"line":46,"column":4},"end":{"line":46,"column":69}},"25":{"start":{"line":47,"column":4},"end":{"line":47,"column":70}},"26":{"start":{"line":47,"column":31},"end":{"line":47,"column":67}},"27":{"start":{"line":48,"column":4},"end":{"line":54,"column":5}},"28":{"start":{"line":49,"column":6},"end":{"line":49,"column":55}},"29":{"start":{"line":51,"column":6},"end":{"line":53,"column":23}},"30":{"start":{"line":51,"column":62},"end":{"line":51,"column":75}},"31":{"start":{"line":53,"column":8},"end":{"line":53,"column":20}},"32":{"start":{"line":58,"column":0},"end":{"line":58,"column":23}}},"fnMap":{"0":{"name":"(anonymous_1)","decl":{"start":{"line":21,"column":18},"end":{"line":21,"column":19}},"loc":{"start":{"line":21,"column":31},"end":{"line":21,"column":57}}},"1":{"name":"(anonymous_2)","decl":{"start":{"line":43,"column":16},"end":{"line":43,"column":36}},"loc":{"start":{"line":43,"column":38},"end":{"line":56,"column":1}}},"2":{"name":"(anonymous_3)","decl":{"start":{"line":44,"column":30},"end":{"line":44,"column":31}},"loc":{"start":{"line":44,"column":50},"end":{"line":55,"column":3}}},"3":{"name":"(anonymous_4)","decl":{"start":{"line":47,"column":20},"end":{"line":47,"column":31}},"loc":{"start":{"line":47,"column":20},"end":{"line":47,"column":68}}},"4":{"name":"(anonymous_5)","decl":{"start":{"line":51,"column":55},"end":{"line":51,"column":58}},"loc":{"start":{"line":51,"column":60},"end":{"line":52,"column":7}}},"5":{"name":"(anonymous_6)","decl":{"start":{"line":52,"column":15},"end":{"line":52,"column":16}},"loc":{"start":{"line":52,"column":23},"end":{"line":53,"column":21}}}},"branchMap":{"0":{"loc":{"start":{"line":48,"column":4},"end":{"line":54,"column":5}},"type":"if","locations":[{"start":{"line":48,"column":4},"end":{"line":54,"column":5}},{"start":{"line":50,"column":11},"end":{"line":54,"column":5}}]}},"s":{"0":3,"1":3,"2":3,"3":3,"4":3,"5":3,"6":3,"7":3,"8":3,"9":3,"10":3,"11":3,"12":3,"13":3,"14":3,"15":3,"16":3,"17":0,"18":3,"19":3,"20":3,"21":3,"22":3,"23":3,"24":3,"25":3,"26":3,"27":3,"28":0,"29":3,"30":3,"31":0,"32":3},"f":{"0":0,"1":3,"2":3,"3":3,"4":3,"5":0},"b":{"0":[0,3]}}
,"C:\\Users\\yotam\\Desktop\\Projects Web App\\app_a\\src\\controllers\\auth_controller.ts": {"path":"C:\\Users\\yotam\\Desktop\\Projects Web App\\app_a\\src\\controllers\\auth_controller.ts","statementMap":{"0":{"start":{"line":2,"column":0},"end":{"line":2,"column":46}},"1":{"start":{"line":3,"column":0},"end":{"line":3,"column":28}},"2":{"start":{"line":4,"column":0},"end":{"line":4,"column":31}},"3":{"start":{"line":7,"column":17},"end":{"line":25,"column":2}},"4":{"start":{"line":7,"column":55},"end":{"line":25,"column":2}},"5":{"start":{"line":8,"column":18},"end":{"line":8,"column":32}},"6":{"start":{"line":9,"column":21},"end":{"line":9,"column":38}},"7":{"start":{"line":10,"column":4},"end":{"line":13,"column":5}},"8":{"start":{"line":11,"column":8},"end":{"line":11,"column":58}},"9":{"start":{"line":12,"column":8},"end":{"line":12,"column":15}},"10":{"start":{"line":14,"column":4},"end":{"line":24,"column":5}},"11":{"start":{"line":15,"column":21},"end":{"line":15,"column":45}},"12":{"start":{"line":16,"column":31},"end":{"line":16,"column":64}},"13":{"start":{"line":17,"column":21},"end":{"line":20,"column":10}},"14":{"start":{"line":21,"column":8},"end":{"line":21,"column":35}},"15":{"start":{"line":23,"column":8},"end":{"line":23,"column":34}},"16":{"start":{"line":27,"column":23},"end":{"line":49,"column":1}},"17":{"start":{"line":29,"column":19},"end":{"line":29,"column":54}},"18":{"start":{"line":30,"column":4},"end":{"line":32,"column":5}},"19":{"start":{"line":31,"column":8},"end":{"line":31,"column":20}},"20":{"start":{"line":33,"column":24},"end":{"line":39,"column":47}},"21":{"start":{"line":41,"column":25},"end":{"line":47,"column":58}},"22":{"start":{"line":48,"column":4},"end":{"line":48,"column":39}},"23":{"start":{"line":52,"column":14},"end":{"line":93,"column":2}},"24":{"start":{"line":52,"column":52},"end":{"line":93,"column":2}},"25":{"start":{"line":53,"column":18},"end":{"line":53,"column":32}},"26":{"start":{"line":54,"column":21},"end":{"line":54,"column":38}},"27":{"start":{"line":55,"column":4},"end":{"line":58,"column":5}},"28":{"start":{"line":56,"column":8},"end":{"line":56,"column":59}},"29":{"start":{"line":57,"column":8},"end":{"line":57,"column":15}},"30":{"start":{"line":59,"column":4},"end":{"line":92,"column":5}},"31":{"start":{"line":61,"column":21},"end":{"line":61,"column":62}},"32":{"start":{"line":62,"column":8},"end":{"line":65,"column":9}},"33":{"start":{"line":63,"column":12},"end":{"line":63,"column":63}},"34":{"start":{"line":64,"column":12},"end":{"line":64,"column":19}},"35":{"start":{"line":67,"column":30},"end":{"line":67,"column":75}},"36":{"start":{"line":68,"column":8},"end":{"line":71,"column":9}},"37":{"start":{"line":69,"column":12},"end":{"line":69,"column":63}},"38":{"start":{"line":70,"column":12},"end":{"line":70,"column":19}},"39":{"start":{"line":72,"column":30},"end":{"line":72,"column":49}},"40":{"start":{"line":73,"column":23},"end":{"line":73,"column":45}},"41":{"start":{"line":74,"column":8},"end":{"line":77,"column":9}},"42":{"start":{"line":75,"column":12},"end":{"line":75,"column":63}},"43":{"start":{"line":76,"column":12},"end":{"line":76,"column":19}},"44":{"start":{"line":79,"column":8},"end":{"line":81,"column":9}},"45":{"start":{"line":80,"column":12},"end":{"line":80,"column":36}},"46":{"start":{"line":82,"column":8},"end":{"line":82,"column":53}},"47":{"start":{"line":83,"column":8},"end":{"line":83,"column":26}},"48":{"start":{"line":84,"column":8},"end":{"line":89,"column":15}},"49":{"start":{"line":91,"column":8},"end":{"line":91,"column":34}},"50":{"start":{"line":95,"column":15},"end":{"line":132,"column":2}},"51":{"start":{"line":95,"column":53},"end":{"line":132,"column":2}},"52":{"start":{"line":96,"column":25},"end":{"line":96,"column":46}},"53":{"start":{"line":97,"column":4},"end":{"line":100,"column":5}},"54":{"start":{"line":98,"column":8},"end":{"line":98,"column":54}},"55":{"start":{"line":99,"column":8},"end":{"line":99,"column":15}},"56":{"start":{"line":102,"column":4},"end":{"line":105,"column":5}},"57":{"start":{"line":103,"column":8},"end":{"line":103,"column":59}},"58":{"start":{"line":104,"column":8},"end":{"line":104,"column":15}},"59":{"start":{"line":106,"column":4},"end":{"line":131,"column":7}},"60":{"start":{"line":106,"column":81},"end":{"line":131,"column":6}},"61":{"start":{"line":107,"column":8},"end":{"line":110,"column":9}},"62":{"start":{"line":108,"column":12},"end":{"line":108,"column":58}},"63":{"start":{"line":109,"column":12},"end":{"line":109,"column":19}},"64":{"start":{"line":111,"column":24},"end":{"line":111,"column":44}},"65":{"start":{"line":112,"column":8},"end":{"line":130,"column":9}},"66":{"start":{"line":113,"column":25},"end":{"line":113,"column":68}},"67":{"start":{"line":114,"column":12},"end":{"line":117,"column":13}},"68":{"start":{"line":115,"column":16},"end":{"line":115,"column":54}},"69":{"start":{"line":116,"column":16},"end":{"line":116,"column":23}},"70":{"start":{"line":118,"column":12},"end":{"line":123,"column":13}},"71":{"start":{"line":119,"column":16},"end":{"line":119,"column":54}},"72":{"start":{"line":120,"column":16},"end":{"line":120,"column":40}},"73":{"start":{"line":121,"column":16},"end":{"line":121,"column":34}},"74":{"start":{"line":122,"column":16},"end":{"line":122,"column":23}},"75":{"start":{"line":124,"column":27},"end":{"line":124,"column":84}},"76":{"start":{"line":124,"column":63},"end":{"line":124,"column":83}},"77":{"start":{"line":125,"column":12},"end":{"line":125,"column":40}},"78":{"start":{"line":126,"column":12},"end":{"line":126,"column":30}},"79":{"start":{"line":127,"column":12},"end":{"line":127,"column":47}},"80":{"start":{"line":129,"column":12},"end":{"line":129,"column":50}},"81":{"start":{"line":134,"column":16},"end":{"line":189,"column":2}},"82":{"start":{"line":134,"column":54},"end":{"line":189,"column":2}},"83":{"start":{"line":136,"column":24},"end":{"line":136,"column":45}},"84":{"start":{"line":137,"column":4},"end":{"line":140,"column":5}},"85":{"start":{"line":138,"column":9},"end":{"line":138,"column":47}},"86":{"start":{"line":139,"column":9},"end":{"line":139,"column":16}},"87":{"start":{"line":141,"column":4},"end":{"line":144,"column":5}},"88":{"start":{"line":142,"column":8},"end":{"line":142,"column":59}},"89":{"start":{"line":143,"column":8},"end":{"line":143,"column":15}},"90":{"start":{"line":145,"column":4},"end":{"line":188,"column":7}},"91":{"start":{"line":145,"column":81},"end":{"line":188,"column":6}},"92":{"start":{"line":146,"column":8},"end":{"line":149,"column":9}},"93":{"start":{"line":147,"column":12},"end":{"line":147,"column":58}},"94":{"start":{"line":148,"column":12},"end":{"line":148,"column":19}},"95":{"start":{"line":151,"column":24},"end":{"line":151,"column":44}},"96":{"start":{"line":152,"column":8},"end":{"line":187,"column":9}},"97":{"start":{"line":153,"column":25},"end":{"line":153,"column":68}},"98":{"start":{"line":154,"column":12},"end":{"line":157,"column":13}},"99":{"start":{"line":155,"column":16},"end":{"line":155,"column":54}},"100":{"start":{"line":156,"column":16},"end":{"line":156,"column":23}},"101":{"start":{"line":159,"column":12},"end":{"line":164,"column":13}},"102":{"start":{"line":160,"column":16},"end":{"line":160,"column":40}},"103":{"start":{"line":161,"column":16},"end":{"line":161,"column":34}},"104":{"start":{"line":162,"column":16},"end":{"line":162,"column":54}},"105":{"start":{"line":163,"column":16},"end":{"line":163,"column":23}},"106":{"start":{"line":166,"column":30},"end":{"line":166,"column":65}},"107":{"start":{"line":167,"column":12},"end":{"line":172,"column":13}},"108":{"start":{"line":168,"column":16},"end":{"line":168,"column":40}},"109":{"start":{"line":169,"column":16},"end":{"line":169,"column":34}},"110":{"start":{"line":170,"column":16},"end":{"line":170,"column":67}},"111":{"start":{"line":171,"column":16},"end":{"line":171,"column":23}},"112":{"start":{"line":174,"column":12},"end":{"line":174,"column":91}},"113":{"start":{"line":174,"column":69},"end":{"line":174,"column":89}},"114":{"start":{"line":177,"column":12},"end":{"line":177,"column":60}},"115":{"start":{"line":178,"column":12},"end":{"line":178,"column":30}},"116":{"start":{"line":181,"column":12},"end":{"line":184,"column":15}},"117":{"start":{"line":186,"column":12},"end":{"line":186,"column":50}},"118":{"start":{"line":196,"column":30},"end":{"line":221,"column":1}},"119":{"start":{"line":197,"column":26},"end":{"line":197,"column":53}},"120":{"start":{"line":198,"column":18},"end":{"line":198,"column":62}},"121":{"start":{"line":201,"column":4},"end":{"line":204,"column":5}},"122":{"start":{"line":202,"column":8},"end":{"line":202,"column":46}},"123":{"start":{"line":203,"column":8},"end":{"line":203,"column":15}},"124":{"start":{"line":205,"column":4},"end":{"line":208,"column":5}},"125":{"start":{"line":206,"column":8},"end":{"line":206,"column":59}},"126":{"start":{"line":207,"column":8},"end":{"line":207,"column":15}},"127":{"start":{"line":211,"column":4},"end":{"line":219,"column":7}},"128":{"start":{"line":212,"column":8},"end":{"line":215,"column":9}},"129":{"start":{"line":213,"column":12},"end":{"line":213,"column":50}},"130":{"start":{"line":214,"column":12},"end":{"line":214,"column":19}},"131":{"start":{"line":216,"column":24},"end":{"line":216,"column":44}},"132":{"start":{"line":217,"column":8},"end":{"line":217,"column":40}},"133":{"start":{"line":218,"column":8},"end":{"line":218,"column":15}},"134":{"start":{"line":196,"column":13},"end":{"line":196,"column":30}},"135":{"start":{"line":224,"column":0},"end":{"line":224,"column":50}}},"fnMap":{"0":{"name":"(anonymous_8)","decl":{"start":{"line":7,"column":17},"end":{"line":7,"column":24}},"loc":{"start":{"line":7,"column":55},"end":{"line":25,"column":2}}},"1":{"name":"(anonymous_9)","decl":{"start":{"line":7,"column":55},"end":{"line":7,"column":null}},"loc":{"start":{"line":7,"column":55},"end":{"line":25,"column":1}}},"2":{"name":"(anonymous_10)","decl":{"start":{"line":27,"column":23},"end":{"line":27,"column":24}},"loc":{"start":{"line":27,"column":87},"end":{"line":49,"column":1}}},"3":{"name":"(anonymous_11)","decl":{"start":{"line":52,"column":14},"end":{"line":52,"column":21}},"loc":{"start":{"line":52,"column":52},"end":{"line":93,"column":2}}},"4":{"name":"(anonymous_12)","decl":{"start":{"line":52,"column":52},"end":{"line":52,"column":null}},"loc":{"start":{"line":52,"column":52},"end":{"line":93,"column":1}}},"5":{"name":"(anonymous_13)","decl":{"start":{"line":95,"column":15},"end":{"line":95,"column":22}},"loc":{"start":{"line":95,"column":53},"end":{"line":132,"column":2}}},"6":{"name":"(anonymous_14)","decl":{"start":{"line":95,"column":53},"end":{"line":95,"column":null}},"loc":{"start":{"line":95,"column":53},"end":{"line":132,"column":1}}},"7":{"name":"(anonymous_15)","decl":{"start":{"line":106,"column":55},"end":{"line":106,"column":62}},"loc":{"start":{"line":106,"column":81},"end":{"line":131,"column":6}}},"8":{"name":"(anonymous_16)","decl":{"start":{"line":106,"column":81},"end":{"line":106,"column":null}},"loc":{"start":{"line":106,"column":81},"end":{"line":131,"column":5}}},"9":{"name":"(anonymous_17)","decl":{"start":{"line":124,"column":53},"end":{"line":124,"column":54}},"loc":{"start":{"line":124,"column":63},"end":{"line":124,"column":83}}},"10":{"name":"(anonymous_18)","decl":{"start":{"line":134,"column":16},"end":{"line":134,"column":23}},"loc":{"start":{"line":134,"column":54},"end":{"line":189,"column":2}}},"11":{"name":"(anonymous_19)","decl":{"start":{"line":134,"column":54},"end":{"line":134,"column":null}},"loc":{"start":{"line":134,"column":54},"end":{"line":189,"column":1}}},"12":{"name":"(anonymous_20)","decl":{"start":{"line":145,"column":55},"end":{"line":145,"column":62}},"loc":{"start":{"line":145,"column":81},"end":{"line":188,"column":6}}},"13":{"name":"(anonymous_21)","decl":{"start":{"line":145,"column":81},"end":{"line":145,"column":null}},"loc":{"start":{"line":145,"column":81},"end":{"line":188,"column":5}}},"14":{"name":"(anonymous_22)","decl":{"start":{"line":174,"column":59},"end":{"line":174,"column":60}},"loc":{"start":{"line":174,"column":69},"end":{"line":174,"column":89}}},"15":{"name":"(anonymous_23)","decl":{"start":{"line":196,"column":30},"end":{"line":196,"column":31}},"loc":{"start":{"line":196,"column":81},"end":{"line":221,"column":1}}},"16":{"name":"(anonymous_24)","decl":{"start":{"line":211,"column":47},"end":{"line":211,"column":48}},"loc":{"start":{"line":211,"column":59},"end":{"line":219,"column":5}}}},"branchMap":{"0":{"loc":{"start":{"line":10,"column":4},"end":{"line":13,"column":5}},"type":"if","locations":[{"start":{"line":10,"column":4},"end":{"line":13,"column":5}}]},"1":{"loc":{"start":{"line":10,"column":8},"end":{"line":10,"column":27}},"type":"binary-expr","locations":[{"start":{"line":10,"column":8},"end":{"line":10,"column":14}},{"start":{"line":10,"column":18},"end":{"line":10,"column":27}}]},"2":{"loc":{"start":{"line":30,"column":4},"end":{"line":32,"column":5}},"type":"if","locations":[{"start":{"line":30,"column":4},"end":{"line":32,"column":5}}]},"3":{"loc":{"start":{"line":55,"column":4},"end":{"line":58,"column":5}},"type":"if","locations":[{"start":{"line":55,"column":4},"end":{"line":58,"column":5}}]},"4":{"loc":{"start":{"line":55,"column":8},"end":{"line":55,"column":27}},"type":"binary-expr","locations":[{"start":{"line":55,"column":8},"end":{"line":55,"column":14}},{"start":{"line":55,"column":18},"end":{"line":55,"column":27}}]},"5":{"loc":{"start":{"line":62,"column":8},"end":{"line":65,"column":9}},"type":"if","locations":[{"start":{"line":62,"column":8},"end":{"line":65,"column":9}}]},"6":{"loc":{"start":{"line":68,"column":8},"end":{"line":71,"column":9}},"type":"if","locations":[{"start":{"line":68,"column":8},"end":{"line":71,"column":9}}]},"7":{"loc":{"start":{"line":74,"column":8},"end":{"line":77,"column":9}},"type":"if","locations":[{"start":{"line":74,"column":8},"end":{"line":77,"column":9}}]},"8":{"loc":{"start":{"line":79,"column":8},"end":{"line":81,"column":9}},"type":"if","locations":[{"start":{"line":79,"column":8},"end":{"line":81,"column":9}}]},"9":{"loc":{"start":{"line":97,"column":4},"end":{"line":100,"column":5}},"type":"if","locations":[{"start":{"line":97,"column":4},"end":{"line":100,"column":5}}]},"10":{"loc":{"start":{"line":102,"column":4},"end":{"line":105,"column":5}},"type":"if","locations":[{"start":{"line":102,"column":4},"end":{"line":105,"column":5}}]},"11":{"loc":{"start":{"line":107,"column":8},"end":{"line":110,"column":9}},"type":"if","locations":[{"start":{"line":107,"column":8},"end":{"line":110,"column":9}}]},"12":{"loc":{"start":{"line":114,"column":12},"end":{"line":117,"column":13}},"type":"if","locations":[{"start":{"line":114,"column":12},"end":{"line":117,"column":13}}]},"13":{"loc":{"start":{"line":118,"column":12},"end":{"line":123,"column":13}},"type":"if","locations":[{"start":{"line":118,"column":12},"end":{"line":123,"column":13}}]},"14":{"loc":{"start":{"line":118,"column":15},"end":{"line":118,"column":80}},"type":"binary-expr","locations":[{"start":{"line":118,"column":15},"end":{"line":118,"column":34}},{"start":{"line":118,"column":38},"end":{"line":118,"column":80}}]},"15":{"loc":{"start":{"line":137,"column":4},"end":{"line":140,"column":5}},"type":"if","locations":[{"start":{"line":137,"column":4},"end":{"line":140,"column":5}}]},"16":{"loc":{"start":{"line":141,"column":4},"end":{"line":144,"column":5}},"type":"if","locations":[{"start":{"line":141,"column":4},"end":{"line":144,"column":5}}]},"17":{"loc":{"start":{"line":146,"column":8},"end":{"line":149,"column":9}},"type":"if","locations":[{"start":{"line":146,"column":8},"end":{"line":149,"column":9}}]},"18":{"loc":{"start":{"line":154,"column":12},"end":{"line":157,"column":13}},"type":"if","locations":[{"start":{"line":154,"column":12},"end":{"line":157,"column":13}}]},"19":{"loc":{"start":{"line":159,"column":12},"end":{"line":164,"column":13}},"type":"if","locations":[{"start":{"line":159,"column":12},"end":{"line":164,"column":13}}]},"20":{"loc":{"start":{"line":159,"column":15},"end":{"line":159,"column":80}},"type":"binary-expr","locations":[{"start":{"line":159,"column":15},"end":{"line":159,"column":34}},{"start":{"line":159,"column":38},"end":{"line":159,"column":80}}]},"21":{"loc":{"start":{"line":167,"column":12},"end":{"line":172,"column":13}},"type":"if","locations":[{"start":{"line":167,"column":12},"end":{"line":172,"column":13}}]},"22":{"loc":{"start":{"line":198,"column":18},"end":{"line":198,"column":62}},"type":"binary-expr","locations":[{"start":{"line":198,"column":18},"end":{"line":198,"column":31}},{"start":{"line":198,"column":35},"end":{"line":198,"column":62}}]},"23":{"loc":{"start":{"line":201,"column":4},"end":{"line":204,"column":5}},"type":"if","locations":[{"start":{"line":201,"column":4},"end":{"line":204,"column":5}}]},"24":{"loc":{"start":{"line":205,"column":4},"end":{"line":208,"column":5}},"type":"if","locations":[{"start":{"line":205,"column":4},"end":{"line":208,"column":5}}]},"25":{"loc":{"start":{"line":212,"column":8},"end":{"line":215,"column":9}},"type":"if","locations":[{"start":{"line":212,"column":8},"end":{"line":215,"column":9}}]}},"s":{"0":3,"1":3,"2":3,"3":3,"4":7,"5":7,"6":7,"7":7,"8":2,"9":2,"10":5,"11":5,"12":5,"13":5,"14":3,"15":2,"16":3,"17":12,"18":12,"19":0,"20":12,"21":12,"22":12,"23":3,"24":12,"25":12,"26":12,"27":12,"28":2,"29":2,"30":10,"31":10,"32":10,"33":1,"34":1,"35":9,"36":9,"37":1,"38":1,"39":8,"40":8,"41":8,"42":0,"43":0,"44":8,"45":0,"46":8,"47":8,"48":8,"49":0,"50":3,"51":4,"52":4,"53":4,"54":1,"55":1,"56":3,"57":0,"58":0,"59":3,"60":3,"61":3,"62":1,"63":1,"64":2,"65":2,"66":2,"67":2,"68":0,"69":0,"70":2,"71":0,"72":0,"73":0,"74":0,"75":2,"76":4,"77":2,"78":2,"79":2,"80":0,"81":3,"82":9,"83":9,"84":9,"85":1,"86":1,"87":8,"88":0,"89":0,"90":8,"91":8,"92":8,"93":1,"94":1,"95":7,"96":7,"97":7,"98":7,"99":0,"100":0,"101":7,"102":3,"103":3,"104":3,"105":3,"106":4,"107":4,"108":0,"109":0,"110":0,"111":0,"112":4,"113":6,"114":4,"115":4,"116":4,"117":0,"118":3,"119":13,"120":13,"121":13,"122":3,"123":3,"124":10,"125":0,"126":0,"127":10,"128":10,"129":2,"130":2,"131":8,"132":8,"133":8,"134":3,"135":3},"f":{"0":7,"1":7,"2":12,"3":12,"4":12,"5":4,"6":4,"7":3,"8":3,"9":4,"10":9,"11":9,"12":8,"13":8,"14":6,"15":13,"16":10},"b":{"0":[2],"1":[7,6],"2":[0],"3":[2],"4":[12,11],"5":[1],"6":[1],"7":[0],"8":[0],"9":[1],"10":[0],"11":[1],"12":[0],"13":[0],"14":[2,2],"15":[1],"16":[0],"17":[1],"18":[0],"19":[3],"20":[7,7],"21":[0],"22":[13,10],"23":[3],"24":[0],"25":[2]}}
,"C:\\Users\\yotam\\Desktop\\Projects Web App\\app_a\\src\\controllers\\base_controller.ts": {"path":"C:\\Users\\yotam\\Desktop\\Projects Web App\\app_a\\src\\controllers\\base_controller.ts","statementMap":{"0":{"start":{"line":7,"column":4},"end":{"line":7,"column":23}},"1":{"start":{"line":11,"column":24},"end":{"line":11,"column":39}},"2":{"start":{"line":12,"column":4},"end":{"line":22,"column":5}},"3":{"start":{"line":13,"column":6},"end":{"line":19,"column":7}},"4":{"start":{"line":14,"column":21},"end":{"line":14,"column":66}},"5":{"start":{"line":15,"column":8},"end":{"line":15,"column":23}},"6":{"start":{"line":17,"column":22},"end":{"line":17,"column":45}},"7":{"start":{"line":18,"column":8},"end":{"line":18,"column":24}},"8":{"start":{"line":21,"column":6},"end":{"line":21,"column":32}},"9":{"start":{"line":26,"column":15},"end":{"line":26,"column":28}},"10":{"start":{"line":27,"column":4},"end":{"line":36,"column":5}},"11":{"start":{"line":28,"column":19},"end":{"line":28,"column":48}},"12":{"start":{"line":29,"column":6},"end":{"line":33,"column":7}},"13":{"start":{"line":30,"column":8},"end":{"line":30,"column":23}},"14":{"start":{"line":32,"column":9},"end":{"line":32,"column":43}},"15":{"start":{"line":35,"column":6},"end":{"line":35,"column":32}},"16":{"start":{"line":40,"column":17},"end":{"line":40,"column":25}},"17":{"start":{"line":41,"column":4},"end":{"line":46,"column":5}},"18":{"start":{"line":42,"column":19},"end":{"line":42,"column":48}},"19":{"start":{"line":43,"column":6},"end":{"line":43,"column":33}},"20":{"start":{"line":45,"column":6},"end":{"line":45,"column":32}},"21":{"start":{"line":50,"column":15},"end":{"line":50,"column":28}},"22":{"start":{"line":51,"column":4},"end":{"line":56,"column":5}},"23":{"start":{"line":52,"column":16},"end":{"line":52,"column":54}},"24":{"start":{"line":53,"column":6},"end":{"line":53,"column":43}},"25":{"start":{"line":55,"column":6},"end":{"line":55,"column":34}},"26":{"start":{"line":61,"column":0},"end":{"line":61,"column":30}}},"fnMap":{"0":{"name":"(anonymous_7)","decl":{"start":{"line":6,"column":2},"end":{"line":6,"column":14}},"loc":{"start":{"line":6,"column":24},"end":{"line":8,"column":3}}},"1":{"name":"(anonymous_8)","decl":{"start":{"line":10,"column":8},"end":{"line":10,"column":14}},"loc":{"start":{"line":10,"column":42},"end":{"line":23,"column":null}}},"2":{"name":"(anonymous_10)","decl":{"start":{"line":25,"column":8},"end":{"line":25,"column":15}},"loc":{"start":{"line":25,"column":43},"end":{"line":37,"column":null}}},"3":{"name":"(anonymous_12)","decl":{"start":{"line":39,"column":8},"end":{"line":39,"column":14}},"loc":{"start":{"line":39,"column":42},"end":{"line":47,"column":null}}},"4":{"name":"(anonymous_14)","decl":{"start":{"line":49,"column":8},"end":{"line":49,"column":18}},"loc":{"start":{"line":49,"column":46},"end":{"line":57,"column":null}}}},"branchMap":{"0":{"loc":{"start":{"line":13,"column":6},"end":{"line":19,"column":7}},"type":"if","locations":[{"start":{"line":13,"column":6},"end":{"line":19,"column":7}},{"start":{"line":16,"column":13},"end":{"line":19,"column":7}}]},"1":{"loc":{"start":{"line":29,"column":6},"end":{"line":33,"column":7}},"type":"if","locations":[{"start":{"line":29,"column":6},"end":{"line":33,"column":7}},{"start":{"line":31,"column":13},"end":{"line":33,"column":7}}]}},"s":{"0":6,"1":5,"2":5,"3":5,"4":2,"5":2,"6":3,"7":3,"8":0,"9":5,"10":5,"11":5,"12":3,"13":2,"14":1,"15":2,"16":6,"17":6,"18":6,"19":5,"20":1,"21":2,"22":2,"23":2,"24":2,"25":0,"26":3},"f":{"0":6,"1":5,"2":5,"3":6,"4":2},"b":{"0":[2,3],"1":[2,1]}}
,"C:\\Users\\yotam\\Desktop\\Projects Web App\\app_a\\src\\controllers\\comment_controller.ts": {"path":"C:\\Users\\yotam\\Desktop\\Projects Web App\\app_a\\src\\controllers\\comment_controller.ts","statementMap":{"0":{"start":{"line":1,"column":0},"end":{"line":1,"column":67}},"1":{"start":{"line":3,"column":0},"end":{"line":3,"column":47}},"2":{"start":{"line":5,"column":27},"end":{"line":5,"column":70}},"3":{"start":{"line":7,"column":0},"end":{"line":7,"column":34}}},"fnMap":{},"branchMap":{},"s":{"0":3,"1":3,"2":3,"3":3},"f":{},"b":{}}
,"C:\\Users\\yotam\\Desktop\\Projects Web App\\app_a\\src\\controllers\\post_controller.ts": {"path":"C:\\Users\\yotam\\Desktop\\Projects Web App\\app_a\\src\\controllers\\post_controller.ts","statementMap":{"0":{"start":{"line":1,"column":0},"end":{"line":1,"column":57}},"1":{"start":{"line":3,"column":0},"end":{"line":3,"column":47}},"2":{"start":{"line":7,"column":4},"end":{"line":7,"column":21}},"3":{"start":{"line":10,"column":18},"end":{"line":10,"column":35}},"4":{"start":{"line":11,"column":16},"end":{"line":13,"column":null}},"5":{"start":{"line":15,"column":6},"end":{"line":15,"column":22}},"6":{"start":{"line":16,"column":6},"end":{"line":16,"column":29}},"7":{"start":{"line":20,"column":0},"end":{"line":20,"column":36}}},"fnMap":{"0":{"name":"(anonymous_8)","decl":{"start":{"line":6,"column":2},"end":{"line":6,"column":null}},"loc":{"start":{"line":6,"column":2},"end":{"line":8,"column":3}}},"1":{"name":"(anonymous_9)","decl":{"start":{"line":9,"column":8},"end":{"line":9,"column":14}},"loc":{"start":{"line":9,"column":42},"end":{"line":17,"column":null}}}},"branchMap":{},"s":{"0":3,"1":3,"2":3,"3":5,"4":5,"5":5,"6":5,"7":3},"f":{"0":3,"1":5},"b":{}}
,"C:\\Users\\yotam\\Desktop\\Projects Web App\\app_a\\src\\models\\comments_model.ts": {"path":"C:\\Users\\yotam\\Desktop\\Projects Web App\\app_a\\src\\models\\comments_model.ts","statementMap":{"0":{"start":{"line":1,"column":0},"end":{"line":1,"column":32}},"1":{"start":{"line":8,"column":22},"end":{"line":21,"column":2}},"2":{"start":{"line":23,"column":22},"end":{"line":23,"column":73}},"3":{"start":{"line":24,"column":0},"end":{"line":24,"column":29}}},"fnMap":{},"branchMap":{},"s":{"0":3,"1":3,"2":3,"3":3},"f":{},"b":{}}
,"C:\\Users\\yotam\\Desktop\\Projects Web App\\app_a\\src\\models\\posts_model.ts": {"path":"C:\\Users\\yotam\\Desktop\\Projects Web App\\app_a\\src\\models\\posts_model.ts","statementMap":{"0":{"start":{"line":1,"column":0},"end":{"line":1,"column":32}},"1":{"start":{"line":2,"column":15},"end":{"line":2,"column":30}},"2":{"start":{"line":10,"column":19},"end":{"line":20,"column":2}},"3":{"start":{"line":22,"column":18},"end":{"line":22,"column":60}},"4":{"start":{"line":23,"column":0},"end":{"line":23,"column":25}}},"fnMap":{},"branchMap":{},"s":{"0":3,"1":3,"2":3,"3":3,"4":3},"f":{},"b":{}}
,"C:\\Users\\yotam\\Desktop\\Projects Web App\\app_a\\src\\models\\users_model.ts": {"path":"C:\\Users\\yotam\\Desktop\\Projects Web App\\app_a\\src\\models\\users_model.ts","statementMap":{"0":{"start":{"line":1,"column":0},"end":{"line":1,"column":32}},"1":{"start":{"line":13,"column":19},"end":{"line":29,"column":2}},"2":{"start":{"line":31,"column":18},"end":{"line":31,"column":60}},"3":{"start":{"line":32,"column":0},"end":{"line":32,"column":25}}},"fnMap":{},"branchMap":{},"s":{"0":3,"1":3,"2":3,"3":3},"f":{},"b":{}}
,"C:\\Users\\yotam\\Desktop\\Projects Web App\\app_a\\src\\routes\\auth_routes.ts": {"path":"C:\\Users\\yotam\\Desktop\\Projects Web App\\app_a\\src\\routes\\auth_routes.ts","statementMap":{"0":{"start":{"line":1,"column":0},"end":{"line":1,"column":30}},"1":{"start":{"line":3,"column":0},"end":{"line":3,"column":60}},"2":{"start":{"line":5,"column":15},"end":{"line":5,"column":31}},"3":{"start":{"line":65,"column":0},"end":{"line":65,"column":50}},"4":{"start":{"line":104,"column":0},"end":{"line":104,"column":44}},"5":{"start":{"line":105,"column":0},"end":{"line":105,"column":46}},"6":{"start":{"line":106,"column":0},"end":{"line":106,"column":48}},"7":{"start":{"line":109,"column":0},"end":{"line":109,"column":22}}},"fnMap":{},"branchMap":{},"s":{"0":3,"1":3,"2":3,"3":3,"4":3,"5":3,"6":3,"7":3},"f":{},"b":{}}
,"C:\\Users\\yotam\\Desktop\\Projects Web App\\app_a\\src\\routes\\comments_routes.ts": {"path":"C:\\Users\\yotam\\Desktop\\Projects Web App\\app_a\\src\\routes\\comments_routes.ts","statementMap":{"0":{"start":{"line":1,"column":0},"end":{"line":1,"column":30}},"1":{"start":{"line":2,"column":15},"end":{"line":2,"column":31}},"2":{"start":{"line":3,"column":0},"end":{"line":3,"column":67}},"3":{"start":{"line":4,"column":0},"end":{"line":4,"column":64}},"4":{"start":{"line":6,"column":0},"end":{"line":6,"column":68}},"5":{"start":{"line":7,"column":0},"end":{"line":7,"column":72}},"6":{"start":{"line":8,"column":0},"end":{"line":8,"column":84}},"7":{"start":{"line":9,"column":0},"end":{"line":9,"column":93}},"8":{"start":{"line":11,"column":0},"end":{"line":11,"column":22}}},"fnMap":{},"branchMap":{},"s":{"0":3,"1":3,"2":3,"3":3,"4":3,"5":3,"6":3,"7":3,"8":3},"f":{},"b":{}}
,"C:\\Users\\yotam\\Desktop\\Projects Web App\\app_a\\src\\routes\\posts_routes.ts": {"path":"C:\\Users\\yotam\\Desktop\\Projects Web App\\app_a\\src\\routes\\posts_routes.ts","statementMap":{"0":{"start":{"line":1,"column":0},"end":{"line":1,"column":62}},"1":{"start":{"line":2,"column":0},"end":{"line":2,"column":60}},"2":{"start":{"line":3,"column":0},"end":{"line":3,"column":64}},"3":{"start":{"line":5,"column":15},"end":{"line":5,"column":31}},"4":{"start":{"line":43,"column":0},"end":{"line":43,"column":60}},"5":{"start":{"line":83,"column":0},"end":{"line":83,"column":64}},"6":{"start":{"line":138,"column":0},"end":{"line":138,"column":77}},"7":{"start":{"line":167,"column":0},"end":{"line":167,"column":86}},"8":{"start":{"line":175,"column":0},"end":{"line":175,"column":22}}},"fnMap":{},"branchMap":{},"s":{"0":3,"1":3,"2":3,"3":3,"4":3,"5":3,"6":3,"7":3,"8":3},"f":{},"b":{}}
}
