{"C:\\Users\\yotam\\Desktop\\Projects Web App\\app_a\\src\\server.ts": {"path":"C:\\Users\\yotam\\Desktop\\Projects Web App\\app_a\\src\\server.ts","statementMap":{"0":{"start":{"line":2,"column":0},"end":{"line":2,"column":43}},"1":{"start":{"line":3,"column":12},"end":{"line":3,"column":21}},"2":{"start":{"line":4,"column":0},"end":{"line":4,"column":28}},"3":{"start":{"line":5,"column":0},"end":{"line":5,"column":16}},"4":{"start":{"line":6,"column":0},"end":{"line":6,"column":32}},"5":{"start":{"line":7,"column":0},"end":{"line":7,"column":48}},"6":{"start":{"line":8,"column":0},"end":{"line":8,"column":54}},"7":{"start":{"line":9,"column":0},"end":{"line":9,"column":37}},"8":{"start":{"line":10,"column":0},"end":{"line":10,"column":46}},"9":{"start":{"line":11,"column":0},"end":{"line":11,"column":41}},"10":{"start":{"line":12,"column":0},"end":{"line":12,"column":43}},"11":{"start":{"line":16,"column":0},"end":{"line":16,"column":27}},"12":{"start":{"line":17,"column":0},"end":{"line":17,"column":51}},"13":{"start":{"line":18,"column":0},"end":{"line":23,"column":3}},"14":{"start":{"line":19,"column":2},"end":{"line":19,"column":52}},"15":{"start":{"line":20,"column":2},"end":{"line":20,"column":53}},"16":{"start":{"line":21,"column":2},"end":{"line":21,"column":53}},"17":{"start":{"line":22,"column":2},"end":{"line":22,"column":9}},"18":{"start":{"line":25,"column":0},"end":{"line":25,"column":31}},"19":{"start":{"line":26,"column":0},"end":{"line":26,"column":37}},"20":{"start":{"line":27,"column":0},"end":{"line":27,"column":29}},"21":{"start":{"line":28,"column":0},"end":{"line":28,"column":59}},"22":{"start":{"line":28,"column":33},"end":{"line":28,"column":56}},"23":{"start":{"line":31,"column":16},"end":{"line":42,"column":2}},"24":{"start":{"line":43,"column":14},"end":{"line":43,"column":35}},"25":{"start":{"line":44,"column":0},"end":{"line":44,"column":62}},"26":{"start":{"line":50,"column":16},"end":{"line":65,"column":1}},"27":{"start":{"line":51,"column":2},"end":{"line":64,"column":5}},"28":{"start":{"line":52,"column":15},"end":{"line":52,"column":34}},"29":{"start":{"line":53,"column":4},"end":{"line":53,"column":69}},"30":{"start":{"line":54,"column":4},"end":{"line":54,"column":70}},"31":{"start":{"line":54,"column":31},"end":{"line":54,"column":67}},"32":{"start":{"line":55,"column":4},"end":{"line":63,"column":5}},"33":{"start":{"line":56,"column":6},"end":{"line":56,"column":62}},"34":{"start":{"line":58,"column":6},"end":{"line":62,"column":30}},"35":{"start":{"line":59,"column":8},"end":{"line":59,"column":28}},"36":{"start":{"line":62,"column":8},"end":{"line":62,"column":27}},"37":{"start":{"line":67,"column":0},"end":{"line":67,"column":23}}},"fnMap":{"0":{"name":"(anonymous_1)","decl":{"start":{"line":18,"column":8},"end":{"line":18,"column":9}},"loc":{"start":{"line":18,"column":27},"end":{"line":23,"column":1}}},"1":{"name":"(anonymous_2)","decl":{"start":{"line":28,"column":18},"end":{"line":28,"column":19}},"loc":{"start":{"line":28,"column":31},"end":{"line":28,"column":57}}},"2":{"name":"(anonymous_3)","decl":{"start":{"line":50,"column":16},"end":{"line":50,"column":36}},"loc":{"start":{"line":50,"column":38},"end":{"line":65,"column":1}}},"3":{"name":"(anonymous_4)","decl":{"start":{"line":51,"column":30},"end":{"line":51,"column":31}},"loc":{"start":{"line":51,"column":50},"end":{"line":64,"column":3}}},"4":{"name":"(anonymous_5)","decl":{"start":{"line":54,"column":20},"end":{"line":54,"column":31}},"loc":{"start":{"line":54,"column":20},"end":{"line":54,"column":68}}},"5":{"name":"(anonymous_6)","decl":{"start":{"line":58,"column":55},"end":{"line":58,"column":58}},"loc":{"start":{"line":58,"column":60},"end":{"line":60,"column":7}}},"6":{"name":"(anonymous_7)","decl":{"start":{"line":60,"column":15},"end":{"line":60,"column":16}},"loc":{"start":{"line":60,"column":23},"end":{"line":62,"column":28}}}},"branchMap":{"0":{"loc":{"start":{"line":55,"column":4},"end":{"line":63,"column":5}},"type":"if","locations":[{"start":{"line":55,"column":4},"end":{"line":63,"column":5}},{"start":{"line":57,"column":11},"end":{"line":63,"column":5}}]}},"s":{"0":3,"1":3,"2":3,"3":3,"4":3,"5":3,"6":3,"7":3,"8":3,"9":3,"10":3,"11":3,"12":3,"13":3,"14":71,"15":71,"16":71,"17":71,"18":3,"19":3,"20":3,"21":3,"22":0,"23":3,"24":3,"25":3,"26":3,"27":5,"28":5,"29":5,"30":5,"31":3,"32":5,"33":1,"34":4,"35":3,"36":1,"37":3},"f":{"0":71,"1":0,"2":5,"3":5,"4":3,"5":3,"6":1},"b":{"0":[1,4]}}
,"C:\\Users\\yotam\\Desktop\\Projects Web App\\app_a\\src\\controllers\\auth_controller.ts": {"path":"C:\\Users\\yotam\\Desktop\\Projects Web App\\app_a\\src\\controllers\\auth_controller.ts","statementMap":{"0":{"start":{"line":2,"column":0},"end":{"line":2,"column":54}},"1":{"start":{"line":3,"column":0},"end":{"line":3,"column":28}},"2":{"start":{"line":4,"column":0},"end":{"line":4,"column":31}},"3":{"start":{"line":7,"column":17},"end":{"line":25,"column":2}},"4":{"start":{"line":7,"column":55},"end":{"line":25,"column":2}},"5":{"start":{"line":8,"column":18},"end":{"line":8,"column":32}},"6":{"start":{"line":9,"column":21},"end":{"line":9,"column":38}},"7":{"start":{"line":10,"column":4},"end":{"line":13,"column":5}},"8":{"start":{"line":11,"column":8},"end":{"line":11,"column":58}},"9":{"start":{"line":12,"column":8},"end":{"line":12,"column":15}},"10":{"start":{"line":14,"column":4},"end":{"line":24,"column":5}},"11":{"start":{"line":15,"column":21},"end":{"line":15,"column":45}},"12":{"start":{"line":16,"column":31},"end":{"line":16,"column":64}},"13":{"start":{"line":17,"column":21},"end":{"line":20,"column":10}},"14":{"start":{"line":21,"column":8},"end":{"line":21,"column":35}},"15":{"start":{"line":23,"column":8},"end":{"line":23,"column":34}},"16":{"start":{"line":27,"column":23},"end":{"line":49,"column":1}},"17":{"start":{"line":29,"column":19},"end":{"line":29,"column":54}},"18":{"start":{"line":30,"column":4},"end":{"line":32,"column":5}},"19":{"start":{"line":31,"column":8},"end":{"line":31,"column":20}},"20":{"start":{"line":33,"column":24},"end":{"line":39,"column":47}},"21":{"start":{"line":41,"column":25},"end":{"line":47,"column":58}},"22":{"start":{"line":48,"column":4},"end":{"line":48,"column":39}},"23":{"start":{"line":52,"column":14},"end":{"line":97,"column":2}},"24":{"start":{"line":52,"column":52},"end":{"line":97,"column":2}},"25":{"start":{"line":53,"column":18},"end":{"line":53,"column":32}},"26":{"start":{"line":54,"column":21},"end":{"line":54,"column":38}},"27":{"start":{"line":55,"column":4},"end":{"line":58,"column":5}},"28":{"start":{"line":56,"column":8},"end":{"line":56,"column":59}},"29":{"start":{"line":57,"column":8},"end":{"line":57,"column":15}},"30":{"start":{"line":59,"column":4},"end":{"line":96,"column":5}},"31":{"start":{"line":61,"column":21},"end":{"line":61,"column":62}},"32":{"start":{"line":62,"column":8},"end":{"line":65,"column":9}},"33":{"start":{"line":63,"column":12},"end":{"line":63,"column":63}},"34":{"start":{"line":64,"column":12},"end":{"line":64,"column":19}},"35":{"start":{"line":67,"column":8},"end":{"line":70,"column":9}},"36":{"start":{"line":68,"column":12},"end":{"line":68,"column":60}},"37":{"start":{"line":69,"column":12},"end":{"line":69,"column":19}},"38":{"start":{"line":71,"column":30},"end":{"line":71,"column":75}},"39":{"start":{"line":72,"column":8},"end":{"line":75,"column":9}},"40":{"start":{"line":73,"column":12},"end":{"line":73,"column":63}},"41":{"start":{"line":74,"column":12},"end":{"line":74,"column":19}},"42":{"start":{"line":76,"column":30},"end":{"line":76,"column":49}},"43":{"start":{"line":77,"column":23},"end":{"line":77,"column":45}},"44":{"start":{"line":78,"column":8},"end":{"line":81,"column":9}},"45":{"start":{"line":79,"column":12},"end":{"line":79,"column":63}},"46":{"start":{"line":80,"column":12},"end":{"line":80,"column":19}},"47":{"start":{"line":83,"column":8},"end":{"line":85,"column":9}},"48":{"start":{"line":84,"column":12},"end":{"line":84,"column":36}},"49":{"start":{"line":86,"column":8},"end":{"line":86,"column":53}},"50":{"start":{"line":87,"column":8},"end":{"line":87,"column":26}},"51":{"start":{"line":88,"column":8},"end":{"line":93,"column":15}},"52":{"start":{"line":95,"column":8},"end":{"line":95,"column":34}},"53":{"start":{"line":99,"column":15},"end":{"line":136,"column":2}},"54":{"start":{"line":99,"column":53},"end":{"line":136,"column":2}},"55":{"start":{"line":100,"column":25},"end":{"line":100,"column":46}},"56":{"start":{"line":101,"column":4},"end":{"line":104,"column":5}},"57":{"start":{"line":102,"column":8},"end":{"line":102,"column":54}},"58":{"start":{"line":103,"column":8},"end":{"line":103,"column":15}},"59":{"start":{"line":106,"column":4},"end":{"line":109,"column":5}},"60":{"start":{"line":107,"column":8},"end":{"line":107,"column":59}},"61":{"start":{"line":108,"column":8},"end":{"line":108,"column":15}},"62":{"start":{"line":110,"column":4},"end":{"line":135,"column":7}},"63":{"start":{"line":110,"column":81},"end":{"line":135,"column":6}},"64":{"start":{"line":111,"column":8},"end":{"line":114,"column":9}},"65":{"start":{"line":112,"column":12},"end":{"line":112,"column":58}},"66":{"start":{"line":113,"column":12},"end":{"line":113,"column":19}},"67":{"start":{"line":115,"column":24},"end":{"line":115,"column":44}},"68":{"start":{"line":116,"column":8},"end":{"line":134,"column":9}},"69":{"start":{"line":117,"column":25},"end":{"line":117,"column":68}},"70":{"start":{"line":118,"column":12},"end":{"line":121,"column":13}},"71":{"start":{"line":119,"column":16},"end":{"line":119,"column":54}},"72":{"start":{"line":120,"column":16},"end":{"line":120,"column":23}},"73":{"start":{"line":122,"column":12},"end":{"line":127,"column":13}},"74":{"start":{"line":123,"column":16},"end":{"line":123,"column":54}},"75":{"start":{"line":124,"column":16},"end":{"line":124,"column":40}},"76":{"start":{"line":125,"column":16},"end":{"line":125,"column":34}},"77":{"start":{"line":126,"column":16},"end":{"line":126,"column":23}},"78":{"start":{"line":128,"column":27},"end":{"line":128,"column":84}},"79":{"start":{"line":128,"column":63},"end":{"line":128,"column":83}},"80":{"start":{"line":129,"column":12},"end":{"line":129,"column":40}},"81":{"start":{"line":130,"column":12},"end":{"line":130,"column":30}},"82":{"start":{"line":131,"column":12},"end":{"line":131,"column":47}},"83":{"start":{"line":133,"column":12},"end":{"line":133,"column":50}},"84":{"start":{"line":138,"column":16},"end":{"line":193,"column":2}},"85":{"start":{"line":138,"column":54},"end":{"line":193,"column":2}},"86":{"start":{"line":140,"column":24},"end":{"line":140,"column":45}},"87":{"start":{"line":141,"column":4},"end":{"line":144,"column":5}},"88":{"start":{"line":142,"column":9},"end":{"line":142,"column":47}},"89":{"start":{"line":143,"column":9},"end":{"line":143,"column":16}},"90":{"start":{"line":145,"column":4},"end":{"line":148,"column":5}},"91":{"start":{"line":146,"column":8},"end":{"line":146,"column":59}},"92":{"start":{"line":147,"column":8},"end":{"line":147,"column":15}},"93":{"start":{"line":149,"column":4},"end":{"line":192,"column":7}},"94":{"start":{"line":149,"column":81},"end":{"line":192,"column":6}},"95":{"start":{"line":150,"column":8},"end":{"line":153,"column":9}},"96":{"start":{"line":151,"column":12},"end":{"line":151,"column":58}},"97":{"start":{"line":152,"column":12},"end":{"line":152,"column":19}},"98":{"start":{"line":155,"column":24},"end":{"line":155,"column":44}},"99":{"start":{"line":156,"column":8},"end":{"line":191,"column":9}},"100":{"start":{"line":157,"column":25},"end":{"line":157,"column":68}},"101":{"start":{"line":158,"column":12},"end":{"line":161,"column":13}},"102":{"start":{"line":159,"column":16},"end":{"line":159,"column":54}},"103":{"start":{"line":160,"column":16},"end":{"line":160,"column":23}},"104":{"start":{"line":163,"column":12},"end":{"line":168,"column":13}},"105":{"start":{"line":164,"column":16},"end":{"line":164,"column":40}},"106":{"start":{"line":165,"column":16},"end":{"line":165,"column":34}},"107":{"start":{"line":166,"column":16},"end":{"line":166,"column":54}},"108":{"start":{"line":167,"column":16},"end":{"line":167,"column":23}},"109":{"start":{"line":170,"column":30},"end":{"line":170,"column":65}},"110":{"start":{"line":171,"column":12},"end":{"line":176,"column":13}},"111":{"start":{"line":172,"column":16},"end":{"line":172,"column":40}},"112":{"start":{"line":173,"column":16},"end":{"line":173,"column":34}},"113":{"start":{"line":174,"column":16},"end":{"line":174,"column":67}},"114":{"start":{"line":175,"column":16},"end":{"line":175,"column":23}},"115":{"start":{"line":178,"column":12},"end":{"line":178,"column":91}},"116":{"start":{"line":178,"column":69},"end":{"line":178,"column":89}},"117":{"start":{"line":181,"column":12},"end":{"line":181,"column":60}},"118":{"start":{"line":182,"column":12},"end":{"line":182,"column":30}},"119":{"start":{"line":185,"column":12},"end":{"line":188,"column":15}},"120":{"start":{"line":190,"column":12},"end":{"line":190,"column":50}},"121":{"start":{"line":206,"column":30},"end":{"line":234,"column":1}},"122":{"start":{"line":207,"column":26},"end":{"line":207,"column":53}},"123":{"start":{"line":208,"column":18},"end":{"line":208,"column":62}},"124":{"start":{"line":211,"column":4},"end":{"line":214,"column":5}},"125":{"start":{"line":212,"column":8},"end":{"line":212,"column":46}},"126":{"start":{"line":213,"column":8},"end":{"line":213,"column":15}},"127":{"start":{"line":215,"column":4},"end":{"line":218,"column":5}},"128":{"start":{"line":216,"column":8},"end":{"line":216,"column":59}},"129":{"start":{"line":217,"column":8},"end":{"line":217,"column":15}},"130":{"start":{"line":222,"column":4},"end":{"line":232,"column":7}},"131":{"start":{"line":223,"column":8},"end":{"line":226,"column":9}},"132":{"start":{"line":224,"column":12},"end":{"line":224,"column":50}},"133":{"start":{"line":225,"column":12},"end":{"line":225,"column":19}},"134":{"start":{"line":229,"column":8},"end":{"line":229,"column":39}},"135":{"start":{"line":231,"column":8},"end":{"line":231,"column":22}},"136":{"start":{"line":206,"column":13},"end":{"line":206,"column":30}},"137":{"start":{"line":237,"column":0},"end":{"line":237,"column":50}}},"fnMap":{"0":{"name":"(anonymous_8)","decl":{"start":{"line":7,"column":17},"end":{"line":7,"column":24}},"loc":{"start":{"line":7,"column":55},"end":{"line":25,"column":2}}},"1":{"name":"(anonymous_9)","decl":{"start":{"line":7,"column":55},"end":{"line":7,"column":null}},"loc":{"start":{"line":7,"column":55},"end":{"line":25,"column":1}}},"2":{"name":"(anonymous_10)","decl":{"start":{"line":27,"column":23},"end":{"line":27,"column":24}},"loc":{"start":{"line":27,"column":87},"end":{"line":49,"column":1}}},"3":{"name":"(anonymous_11)","decl":{"start":{"line":52,"column":14},"end":{"line":52,"column":21}},"loc":{"start":{"line":52,"column":52},"end":{"line":97,"column":2}}},"4":{"name":"(anonymous_12)","decl":{"start":{"line":52,"column":52},"end":{"line":52,"column":null}},"loc":{"start":{"line":52,"column":52},"end":{"line":97,"column":1}}},"5":{"name":"(anonymous_13)","decl":{"start":{"line":99,"column":15},"end":{"line":99,"column":22}},"loc":{"start":{"line":99,"column":53},"end":{"line":136,"column":2}}},"6":{"name":"(anonymous_14)","decl":{"start":{"line":99,"column":53},"end":{"line":99,"column":null}},"loc":{"start":{"line":99,"column":53},"end":{"line":136,"column":1}}},"7":{"name":"(anonymous_15)","decl":{"start":{"line":110,"column":55},"end":{"line":110,"column":62}},"loc":{"start":{"line":110,"column":81},"end":{"line":135,"column":6}}},"8":{"name":"(anonymous_16)","decl":{"start":{"line":110,"column":81},"end":{"line":110,"column":null}},"loc":{"start":{"line":110,"column":81},"end":{"line":135,"column":5}}},"9":{"name":"(anonymous_17)","decl":{"start":{"line":128,"column":53},"end":{"line":128,"column":54}},"loc":{"start":{"line":128,"column":63},"end":{"line":128,"column":83}}},"10":{"name":"(anonymous_18)","decl":{"start":{"line":138,"column":16},"end":{"line":138,"column":23}},"loc":{"start":{"line":138,"column":54},"end":{"line":193,"column":2}}},"11":{"name":"(anonymous_19)","decl":{"start":{"line":138,"column":54},"end":{"line":138,"column":null}},"loc":{"start":{"line":138,"column":54},"end":{"line":193,"column":1}}},"12":{"name":"(anonymous_20)","decl":{"start":{"line":149,"column":55},"end":{"line":149,"column":62}},"loc":{"start":{"line":149,"column":81},"end":{"line":192,"column":6}}},"13":{"name":"(anonymous_21)","decl":{"start":{"line":149,"column":81},"end":{"line":149,"column":null}},"loc":{"start":{"line":149,"column":81},"end":{"line":192,"column":5}}},"14":{"name":"(anonymous_22)","decl":{"start":{"line":178,"column":59},"end":{"line":178,"column":60}},"loc":{"start":{"line":178,"column":69},"end":{"line":178,"column":89}}},"15":{"name":"(anonymous_23)","decl":{"start":{"line":206,"column":30},"end":{"line":206,"column":31}},"loc":{"start":{"line":206,"column":81},"end":{"line":234,"column":1}}},"16":{"name":"(anonymous_24)","decl":{"start":{"line":222,"column":47},"end":{"line":222,"column":48}},"loc":{"start":{"line":222,"column":59},"end":{"line":232,"column":5}}}},"branchMap":{"0":{"loc":{"start":{"line":10,"column":4},"end":{"line":13,"column":5}},"type":"if","locations":[{"start":{"line":10,"column":4},"end":{"line":13,"column":5}}]},"1":{"loc":{"start":{"line":10,"column":8},"end":{"line":10,"column":27}},"type":"binary-expr","locations":[{"start":{"line":10,"column":8},"end":{"line":10,"column":14}},{"start":{"line":10,"column":18},"end":{"line":10,"column":27}}]},"2":{"loc":{"start":{"line":30,"column":4},"end":{"line":32,"column":5}},"type":"if","locations":[{"start":{"line":30,"column":4},"end":{"line":32,"column":5}}]},"3":{"loc":{"start":{"line":55,"column":4},"end":{"line":58,"column":5}},"type":"if","locations":[{"start":{"line":55,"column":4},"end":{"line":58,"column":5}}]},"4":{"loc":{"start":{"line":55,"column":8},"end":{"line":55,"column":27}},"type":"binary-expr","locations":[{"start":{"line":55,"column":8},"end":{"line":55,"column":14}},{"start":{"line":55,"column":18},"end":{"line":55,"column":27}}]},"5":{"loc":{"start":{"line":62,"column":8},"end":{"line":65,"column":9}},"type":"if","locations":[{"start":{"line":62,"column":8},"end":{"line":65,"column":9}}]},"6":{"loc":{"start":{"line":67,"column":8},"end":{"line":70,"column":9}},"type":"if","locations":[{"start":{"line":67,"column":8},"end":{"line":70,"column":9}}]},"7":{"loc":{"start":{"line":72,"column":8},"end":{"line":75,"column":9}},"type":"if","locations":[{"start":{"line":72,"column":8},"end":{"line":75,"column":9}}]},"8":{"loc":{"start":{"line":78,"column":8},"end":{"line":81,"column":9}},"type":"if","locations":[{"start":{"line":78,"column":8},"end":{"line":81,"column":9}}]},"9":{"loc":{"start":{"line":83,"column":8},"end":{"line":85,"column":9}},"type":"if","locations":[{"start":{"line":83,"column":8},"end":{"line":85,"column":9}}]},"10":{"loc":{"start":{"line":101,"column":4},"end":{"line":104,"column":5}},"type":"if","locations":[{"start":{"line":101,"column":4},"end":{"line":104,"column":5}}]},"11":{"loc":{"start":{"line":106,"column":4},"end":{"line":109,"column":5}},"type":"if","locations":[{"start":{"line":106,"column":4},"end":{"line":109,"column":5}}]},"12":{"loc":{"start":{"line":111,"column":8},"end":{"line":114,"column":9}},"type":"if","locations":[{"start":{"line":111,"column":8},"end":{"line":114,"column":9}}]},"13":{"loc":{"start":{"line":118,"column":12},"end":{"line":121,"column":13}},"type":"if","locations":[{"start":{"line":118,"column":12},"end":{"line":121,"column":13}}]},"14":{"loc":{"start":{"line":122,"column":12},"end":{"line":127,"column":13}},"type":"if","locations":[{"start":{"line":122,"column":12},"end":{"line":127,"column":13}}]},"15":{"loc":{"start":{"line":122,"column":15},"end":{"line":122,"column":80}},"type":"binary-expr","locations":[{"start":{"line":122,"column":15},"end":{"line":122,"column":34}},{"start":{"line":122,"column":38},"end":{"line":122,"column":80}}]},"16":{"loc":{"start":{"line":141,"column":4},"end":{"line":144,"column":5}},"type":"if","locations":[{"start":{"line":141,"column":4},"end":{"line":144,"column":5}}]},"17":{"loc":{"start":{"line":145,"column":4},"end":{"line":148,"column":5}},"type":"if","locations":[{"start":{"line":145,"column":4},"end":{"line":148,"column":5}}]},"18":{"loc":{"start":{"line":150,"column":8},"end":{"line":153,"column":9}},"type":"if","locations":[{"start":{"line":150,"column":8},"end":{"line":153,"column":9}}]},"19":{"loc":{"start":{"line":158,"column":12},"end":{"line":161,"column":13}},"type":"if","locations":[{"start":{"line":158,"column":12},"end":{"line":161,"column":13}}]},"20":{"loc":{"start":{"line":163,"column":12},"end":{"line":168,"column":13}},"type":"if","locations":[{"start":{"line":163,"column":12},"end":{"line":168,"column":13}}]},"21":{"loc":{"start":{"line":163,"column":15},"end":{"line":163,"column":80}},"type":"binary-expr","locations":[{"start":{"line":163,"column":15},"end":{"line":163,"column":34}},{"start":{"line":163,"column":38},"end":{"line":163,"column":80}}]},"22":{"loc":{"start":{"line":171,"column":12},"end":{"line":176,"column":13}},"type":"if","locations":[{"start":{"line":171,"column":12},"end":{"line":176,"column":13}}]},"23":{"loc":{"start":{"line":208,"column":18},"end":{"line":208,"column":62}},"type":"binary-expr","locations":[{"start":{"line":208,"column":18},"end":{"line":208,"column":31}},{"start":{"line":208,"column":35},"end":{"line":208,"column":62}}]},"24":{"loc":{"start":{"line":211,"column":4},"end":{"line":214,"column":5}},"type":"if","locations":[{"start":{"line":211,"column":4},"end":{"line":214,"column":5}}]},"25":{"loc":{"start":{"line":215,"column":4},"end":{"line":218,"column":5}},"type":"if","locations":[{"start":{"line":215,"column":4},"end":{"line":218,"column":5}}]},"26":{"loc":{"start":{"line":223,"column":8},"end":{"line":226,"column":9}},"type":"if","locations":[{"start":{"line":223,"column":8},"end":{"line":226,"column":9}}]}},"s":{"0":3,"1":3,"2":3,"3":3,"4":8,"5":8,"6":8,"7":8,"8":3,"9":3,"10":5,"11":5,"12":5,"13":5,"14":2,"15":3,"16":3,"17":14,"18":14,"19":2,"20":12,"21":12,"22":12,"23":3,"24":14,"25":14,"26":14,"27":14,"28":2,"29":2,"30":12,"31":12,"32":12,"33":1,"34":1,"35":11,"36":0,"37":0,"38":11,"39":11,"40":1,"41":1,"42":10,"43":10,"44":10,"45":2,"46":2,"47":8,"48":0,"49":8,"50":8,"51":8,"52":0,"53":3,"54":4,"55":4,"56":4,"57":1,"58":1,"59":3,"60":0,"61":0,"62":3,"63":3,"64":3,"65":1,"66":1,"67":2,"68":2,"69":2,"70":2,"71":0,"72":0,"73":2,"74":0,"75":0,"76":0,"77":0,"78":2,"79":4,"80":2,"81":2,"82":2,"83":0,"84":3,"85":15,"86":15,"87":15,"88":3,"89":3,"90":12,"91":1,"92":1,"93":11,"94":11,"95":11,"96":3,"97":3,"98":8,"99":8,"100":8,"101":7,"102":0,"103":0,"104":7,"105":3,"106":3,"107":3,"108":3,"109":4,"110":4,"111":0,"112":0,"113":0,"114":0,"115":4,"116":6,"117":4,"118":4,"119":4,"120":1,"121":3,"122":19,"123":19,"124":19,"125":3,"126":3,"127":16,"128":0,"129":0,"130":16,"131":16,"132":2,"133":2,"134":14,"135":14,"136":3,"137":3},"f":{"0":8,"1":8,"2":14,"3":14,"4":14,"5":4,"6":4,"7":3,"8":3,"9":4,"10":15,"11":15,"12":11,"13":11,"14":6,"15":19,"16":16},"b":{"0":[3],"1":[8,6],"2":[2],"3":[2],"4":[14,13],"5":[1],"6":[0],"7":[1],"8":[2],"9":[0],"10":[1],"11":[0],"12":[1],"13":[0],"14":[0],"15":[2,2],"16":[3],"17":[1],"18":[3],"19":[0],"20":[3],"21":[7,7],"22":[0],"23":[19,16],"24":[3],"25":[0],"26":[2]}}
,"C:\\Users\\yotam\\Desktop\\Projects Web App\\app_a\\src\\controllers\\comment_controller.ts": {"path":"C:\\Users\\yotam\\Desktop\\Projects Web App\\app_a\\src\\controllers\\comment_controller.ts","statementMap":{"0":{"start":{"line":1,"column":0},"end":{"line":1,"column":53}},"1":{"start":{"line":8,"column":4},"end":{"line":13,"column":5}},"2":{"start":{"line":9,"column":23},"end":{"line":9,"column":49}},"3":{"start":{"line":10,"column":6},"end":{"line":10,"column":25}},"4":{"start":{"line":12,"column":6},"end":{"line":12,"column":33}},"5":{"start":{"line":17,"column":19},"end":{"line":17,"column":45}},"6":{"start":{"line":18,"column":4},"end":{"line":18,"column":44}},"7":{"start":{"line":19,"column":4},"end":{"line":21,"column":5}},"8":{"start":{"line":20,"column":6},"end":{"line":20,"column":49}},"9":{"start":{"line":22,"column":4},"end":{"line":27,"column":5}},"10":{"start":{"line":23,"column":23},"end":{"line":23,"column":59}},"11":{"start":{"line":24,"column":6},"end":{"line":24,"column":37}},"12":{"start":{"line":26,"column":6},"end":{"line":26,"column":32}},"13":{"start":{"line":32,"column":15},"end":{"line":32,"column":28}},"14":{"start":{"line":33,"column":4},"end":{"line":42,"column":5}},"15":{"start":{"line":34,"column":22},"end":{"line":34,"column":54}},"16":{"start":{"line":35,"column":6},"end":{"line":39,"column":7}},"17":{"start":{"line":36,"column":8},"end":{"line":36,"column":38}},"18":{"start":{"line":38,"column":8},"end":{"line":38,"column":42}},"19":{"start":{"line":41,"column":6},"end":{"line":41,"column":32}},"20":{"start":{"line":46,"column":15},"end":{"line":46,"column":28}},"21":{"start":{"line":47,"column":4},"end":{"line":52,"column":5}},"22":{"start":{"line":48,"column":17},"end":{"line":48,"column":58}},"23":{"start":{"line":49,"column":6},"end":{"line":49,"column":46}},"24":{"start":{"line":51,"column":6},"end":{"line":51,"column":34}},"25":{"start":{"line":56,"column":17},"end":{"line":56,"column":27}},"26":{"start":{"line":57,"column":17},"end":{"line":57,"column":44}},"27":{"start":{"line":58,"column":4},"end":{"line":58,"column":26}},"28":{"start":{"line":59,"column":4},"end":{"line":59,"column":21}},"29":{"start":{"line":60,"column":4},"end":{"line":65,"column":5}},"30":{"start":{"line":61,"column":22},"end":{"line":61,"column":58}},"31":{"start":{"line":62,"column":6},"end":{"line":62,"column":36}},"32":{"start":{"line":64,"column":6},"end":{"line":64,"column":34}},"33":{"start":{"line":70,"column":15},"end":{"line":70,"column":28}},"34":{"start":{"line":71,"column":17},"end":{"line":71,"column":25}},"35":{"start":{"line":72,"column":4},"end":{"line":77,"column":5}},"36":{"start":{"line":73,"column":22},"end":{"line":73,"column":84}},"37":{"start":{"line":74,"column":6},"end":{"line":74,"column":36}},"38":{"start":{"line":76,"column":6},"end":{"line":76,"column":32}},"39":{"start":{"line":81,"column":0},"end":{"line":81,"column":39}}},"fnMap":{"0":{"name":"(anonymous_8)","decl":{"start":{"line":7,"column":8},"end":{"line":7,"column":22}},"loc":{"start":{"line":7,"column":50},"end":{"line":14,"column":null}}},"1":{"name":"(anonymous_10)","decl":{"start":{"line":16,"column":8},"end":{"line":16,"column":30}},"loc":{"start":{"line":16,"column":58},"end":{"line":29,"column":null}}},"2":{"name":"(anonymous_12)","decl":{"start":{"line":31,"column":8},"end":{"line":31,"column":22}},"loc":{"start":{"line":31,"column":50},"end":{"line":43,"column":null}}},"3":{"name":"(anonymous_14)","decl":{"start":{"line":45,"column":8},"end":{"line":45,"column":21}},"loc":{"start":{"line":45,"column":49},"end":{"line":53,"column":null}}},"4":{"name":"(anonymous_16)","decl":{"start":{"line":55,"column":8},"end":{"line":55,"column":21}},"loc":{"start":{"line":55,"column":49},"end":{"line":67,"column":null}}},"5":{"name":"(anonymous_18)","decl":{"start":{"line":69,"column":8},"end":{"line":69,"column":21}},"loc":{"start":{"line":69,"column":49},"end":{"line":78,"column":null}}}},"branchMap":{"0":{"loc":{"start":{"line":19,"column":4},"end":{"line":21,"column":5}},"type":"if","locations":[{"start":{"line":19,"column":4},"end":{"line":21,"column":5}}]},"1":{"loc":{"start":{"line":35,"column":6},"end":{"line":39,"column":7}},"type":"if","locations":[{"start":{"line":35,"column":6},"end":{"line":39,"column":7}},{"start":{"line":37,"column":13},"end":{"line":39,"column":7}}]}},"s":{"0":3,"1":1,"2":1,"3":1,"4":0,"5":2,"6":2,"7":2,"8":2,"9":2,"10":2,"11":2,"12":2,"13":2,"14":2,"15":2,"16":2,"17":1,"18":1,"19":0,"20":1,"21":1,"22":1,"23":1,"24":0,"25":2,"26":2,"27":2,"28":2,"29":2,"30":2,"31":1,"32":1,"33":1,"34":1,"35":1,"36":1,"37":1,"38":0,"39":3},"f":{"0":1,"1":2,"2":2,"3":1,"4":2,"5":1},"b":{"0":[2],"1":[1,1]}}
,"C:\\Users\\yotam\\Desktop\\Projects Web App\\app_a\\src\\controllers\\post_controller.ts": {"path":"C:\\Users\\yotam\\Desktop\\Projects Web App\\app_a\\src\\controllers\\post_controller.ts","statementMap":{"0":{"start":{"line":1,"column":0},"end":{"line":1,"column":46}},"1":{"start":{"line":43,"column":2},"end":{"line":71,"column":2}},"2":{"start":{"line":43,"column":68},"end":{"line":71,"column":2}},"3":{"start":{"line":44,"column":4},"end":{"line":44,"column":26}},"4":{"start":{"line":45,"column":19},"end":{"line":45,"column":39}},"5":{"start":{"line":46,"column":4},"end":{"line":50,"column":5}},"6":{"start":{"line":47,"column":7},"end":{"line":47,"column":62}},"7":{"start":{"line":48,"column":7},"end":{"line":48,"column":14}},"8":{"start":{"line":52,"column":31},"end":{"line":52,"column":39}},"9":{"start":{"line":53,"column":4},"end":{"line":56,"column":5}},"10":{"start":{"line":54,"column":6},"end":{"line":54,"column":71}},"11":{"start":{"line":58,"column":4},"end":{"line":69,"column":5}},"12":{"start":{"line":59,"column":19},"end":{"line":63,"column":8}},"13":{"start":{"line":64,"column":6},"end":{"line":64,"column":33}},"14":{"start":{"line":66,"column":6},"end":{"line":66,"column":32}},"15":{"start":{"line":8,"column":24},"end":{"line":8,"column":39}},"16":{"start":{"line":9,"column":4},"end":{"line":19,"column":5}},"17":{"start":{"line":10,"column":6},"end":{"line":16,"column":7}},"18":{"start":{"line":11,"column":21},"end":{"line":11,"column":65}},"19":{"start":{"line":12,"column":8},"end":{"line":12,"column":23}},"20":{"start":{"line":14,"column":21},"end":{"line":14,"column":43}},"21":{"start":{"line":15,"column":8},"end":{"line":15,"column":23}},"22":{"start":{"line":18,"column":6},"end":{"line":18,"column":32}},"23":{"start":{"line":22,"column":15},"end":{"line":22,"column":28}},"24":{"start":{"line":23,"column":4},"end":{"line":32,"column":5}},"25":{"start":{"line":24,"column":19},"end":{"line":24,"column":47}},"26":{"start":{"line":25,"column":6},"end":{"line":29,"column":7}},"27":{"start":{"line":26,"column":8},"end":{"line":26,"column":23}},"28":{"start":{"line":28,"column":9},"end":{"line":28,"column":43}},"29":{"start":{"line":31,"column":6},"end":{"line":31,"column":32}},"30":{"start":{"line":35,"column":15},"end":{"line":35,"column":28}},"31":{"start":{"line":36,"column":4},"end":{"line":41,"column":5}},"32":{"start":{"line":37,"column":16},"end":{"line":37,"column":53}},"33":{"start":{"line":38,"column":6},"end":{"line":38,"column":43}},"34":{"start":{"line":40,"column":6},"end":{"line":40,"column":34}},"35":{"start":{"line":73,"column":15},"end":{"line":73,"column":28}},"36":{"start":{"line":74,"column":17},"end":{"line":74,"column":25}},"37":{"start":{"line":75,"column":4},"end":{"line":80,"column":5}},"38":{"start":{"line":76,"column":19},"end":{"line":76,"column":76}},"39":{"start":{"line":77,"column":6},"end":{"line":77,"column":33}},"40":{"start":{"line":79,"column":6},"end":{"line":79,"column":32}},"41":{"start":{"line":85,"column":0},"end":{"line":85,"column":36}}},"fnMap":{"0":{"name":"(anonymous_8)","decl":{"start":{"line":6,"column":0},"end":{"line":6,"column":6}},"loc":{"start":{"line":6,"column":0},"end":{"line":83,"column":1}}},"1":{"name":"(anonymous_9)","decl":{"start":{"line":43,"column":15},"end":{"line":43,"column":22}},"loc":{"start":{"line":43,"column":68},"end":{"line":71,"column":2}}},"2":{"name":"(anonymous_10)","decl":{"start":{"line":43,"column":68},"end":{"line":43,"column":null}},"loc":{"start":{"line":43,"column":68},"end":{"line":71,"column":1}}},"3":{"name":"(anonymous_11)","decl":{"start":{"line":7,"column":8},"end":{"line":7,"column":19}},"loc":{"start":{"line":7,"column":47},"end":{"line":20,"column":4}}},"4":{"name":"(anonymous_13)","decl":{"start":{"line":21,"column":8},"end":{"line":21,"column":19}},"loc":{"start":{"line":21,"column":47},"end":{"line":33,"column":4}}},"5":{"name":"(anonymous_15)","decl":{"start":{"line":34,"column":8},"end":{"line":34,"column":18}},"loc":{"start":{"line":34,"column":46},"end":{"line":42,"column":4}}},"6":{"name":"(anonymous_17)","decl":{"start":{"line":72,"column":8},"end":{"line":72,"column":18}},"loc":{"start":{"line":72,"column":46},"end":{"line":81,"column":4}}}},"branchMap":{"0":{"loc":{"start":{"line":46,"column":4},"end":{"line":50,"column":5}},"type":"if","locations":[{"start":{"line":46,"column":4},"end":{"line":50,"column":5}}]},"1":{"loc":{"start":{"line":53,"column":4},"end":{"line":56,"column":5}},"type":"if","locations":[{"start":{"line":53,"column":4},"end":{"line":56,"column":5}}]},"2":{"loc":{"start":{"line":53,"column":8},"end":{"line":53,"column":26}},"type":"binary-expr","locations":[{"start":{"line":53,"column":8},"end":{"line":53,"column":14}},{"start":{"line":53,"column":18},"end":{"line":53,"column":26}}]},"3":{"loc":{"start":{"line":10,"column":6},"end":{"line":16,"column":7}},"type":"if","locations":[{"start":{"line":10,"column":6},"end":{"line":16,"column":7}},{"start":{"line":13,"column":13},"end":{"line":16,"column":7}}]},"4":{"loc":{"start":{"line":25,"column":6},"end":{"line":29,"column":7}},"type":"if","locations":[{"start":{"line":25,"column":6},"end":{"line":29,"column":7}},{"start":{"line":27,"column":13},"end":{"line":29,"column":7}}]}},"s":{"0":3,"1":3,"2":4,"3":4,"4":4,"5":4,"6":0,"7":0,"8":4,"9":4,"10":1,"11":4,"12":4,"13":3,"14":1,"15":2,"16":2,"17":2,"18":1,"19":0,"20":1,"21":1,"22":1,"23":4,"24":4,"25":4,"26":2,"27":1,"28":1,"29":2,"30":4,"31":4,"32":4,"33":2,"34":2,"35":2,"36":2,"37":2,"38":2,"39":1,"40":1,"41":3},"f":{"0":3,"1":4,"2":4,"3":2,"4":4,"5":4,"6":2},"b":{"0":[0],"1":[1],"2":[4,4],"3":[1,1],"4":[1,1]}}
,"C:\\Users\\yotam\\Desktop\\Projects Web App\\app_a\\src\\models\\comments_model.ts": {"path":"C:\\Users\\yotam\\Desktop\\Projects Web App\\app_a\\src\\models\\comments_model.ts","statementMap":{"0":{"start":{"line":1,"column":0},"end":{"line":1,"column":47}},"1":{"start":{"line":3,"column":22},"end":{"line":16,"column":2}},"2":{"start":{"line":18,"column":0},"end":{"line":18,"column":48}}},"fnMap":{},"branchMap":{},"s":{"0":3,"1":3,"2":3},"f":{},"b":{}}
,"C:\\Users\\yotam\\Desktop\\Projects Web App\\app_a\\src\\models\\posts_model.ts": {"path":"C:\\Users\\yotam\\Desktop\\Projects Web App\\app_a\\src\\models\\posts_model.ts","statementMap":{"0":{"start":{"line":1,"column":0},"end":{"line":1,"column":38}},"1":{"start":{"line":3,"column":19},"end":{"line":16,"column":2}},"2":{"start":{"line":18,"column":0},"end":{"line":18,"column":42}}},"fnMap":{},"branchMap":{},"s":{"0":3,"1":3,"2":3},"f":{},"b":{}}
,"C:\\Users\\yotam\\Desktop\\Projects Web App\\app_a\\src\\models\\users_model.ts": {"path":"C:\\Users\\yotam\\Desktop\\Projects Web App\\app_a\\src\\models\\users_model.ts","statementMap":{"0":{"start":{"line":2,"column":0},"end":{"line":2,"column":51}},"1":{"start":{"line":13,"column":19},"end":{"line":17,"column":2}},"2":{"start":{"line":19,"column":18},"end":{"line":19,"column":50}},"3":{"start":{"line":21,"column":0},"end":{"line":21,"column":25}}},"fnMap":{},"branchMap":{},"s":{"0":3,"1":3,"2":3,"3":3},"f":{},"b":{}}
,"C:\\Users\\yotam\\Desktop\\Projects Web App\\app_a\\src\\routes\\auth_routes.ts": {"path":"C:\\Users\\yotam\\Desktop\\Projects Web App\\app_a\\src\\routes\\auth_routes.ts","statementMap":{"0":{"start":{"line":1,"column":0},"end":{"line":1,"column":30}},"1":{"start":{"line":3,"column":0},"end":{"line":3,"column":60}},"2":{"start":{"line":5,"column":15},"end":{"line":5,"column":31}},"3":{"start":{"line":7,"column":0},"end":{"line":7,"column":50}},"4":{"start":{"line":8,"column":0},"end":{"line":8,"column":44}},"5":{"start":{"line":9,"column":0},"end":{"line":9,"column":46}},"6":{"start":{"line":10,"column":0},"end":{"line":10,"column":48}},"7":{"start":{"line":113,"column":0},"end":{"line":113,"column":22}}},"fnMap":{},"branchMap":{},"s":{"0":3,"1":3,"2":3,"3":3,"4":3,"5":3,"6":3,"7":3},"f":{},"b":{}}
,"C:\\Users\\yotam\\Desktop\\Projects Web App\\app_a\\src\\routes\\comments_routes.ts": {"path":"C:\\Users\\yotam\\Desktop\\Projects Web App\\app_a\\src\\routes\\comments_routes.ts","statementMap":{"0":{"start":{"line":1,"column":0},"end":{"line":1,"column":30}},"1":{"start":{"line":2,"column":15},"end":{"line":2,"column":31}},"2":{"start":{"line":3,"column":0},"end":{"line":3,"column":67}},"3":{"start":{"line":4,"column":0},"end":{"line":4,"column":64}},"4":{"start":{"line":7,"column":0},"end":{"line":7,"column":79}},"5":{"start":{"line":8,"column":0},"end":{"line":8,"column":76}},"6":{"start":{"line":9,"column":0},"end":{"line":9,"column":108}},"7":{"start":{"line":10,"column":0},"end":{"line":10,"column":91}},"8":{"start":{"line":11,"column":0},"end":{"line":11,"column":94}},"9":{"start":{"line":12,"column":0},"end":{"line":12,"column":96}},"10":{"start":{"line":189,"column":0},"end":{"line":189,"column":22}}},"fnMap":{},"branchMap":{},"s":{"0":3,"1":3,"2":3,"3":3,"4":3,"5":3,"6":3,"7":3,"8":3,"9":3,"10":3},"f":{},"b":{}}
,"C:\\Users\\yotam\\Desktop\\Projects Web App\\app_a\\src\\routes\\posts_routes.ts": {"path":"C:\\Users\\yotam\\Desktop\\Projects Web App\\app_a\\src\\routes\\posts_routes.ts","statementMap":{"0":{"start":{"line":1,"column":0},"end":{"line":1,"column":62}},"1":{"start":{"line":2,"column":0},"end":{"line":2,"column":60}},"2":{"start":{"line":3,"column":0},"end":{"line":3,"column":64}},"3":{"start":{"line":5,"column":15},"end":{"line":5,"column":31}},"4":{"start":{"line":7,"column":0},"end":{"line":7,"column":65}},"5":{"start":{"line":8,"column":0},"end":{"line":8,"column":68}},"6":{"start":{"line":9,"column":0},"end":{"line":9,"column":81}},"7":{"start":{"line":10,"column":0},"end":{"line":10,"column":86}},"8":{"start":{"line":11,"column":0},"end":{"line":11,"column":83}},"9":{"start":{"line":226,"column":0},"end":{"line":226,"column":22}}},"fnMap":{},"branchMap":{},"s":{"0":3,"1":3,"2":3,"3":3,"4":3,"5":3,"6":3,"7":3,"8":3,"9":3},"f":{},"b":{}}
}
