TN:
SF:src\server.ts
FN:26,(anonymous_8)
FN:33,(anonymous_9)
FN:33,(anonymous_10)
FN:34,(anonymous_11)
FN:34,(anonymous_12)
FN:48,(anonymous_13)
FN:52,(anonymous_14)
FN:53,(anonymous_15)
FN:56,(anonymous_16)
FN:60,(anonymous_17)
FN:62,(anonymous_18)
FNF:11
FNH:5
FNDA:88,(anonymous_8)
FNDA:0,(anonymous_9)
FNDA:0,(anonymous_10)
FNDA:0,(anonymous_11)
FNDA:0,(anonymous_12)
FNDA:0,(anonymous_13)
FNDA:3,(anonymous_14)
FNDA:3,(anonymous_15)
FNDA:3,(anonymous_16)
FNDA:3,(anonymous_17)
FNDA:0,(anonymous_18)
DA:2,3
DA:3,3
DA:4,3
DA:5,3
DA:6,3
DA:7,3
DA:8,3
DA:9,3
DA:10,3
DA:11,3
DA:12,3
DA:13,3
DA:14,3
DA:18,3
DA:24,3
DA:25,3
DA:26,3
DA:27,88
DA:28,88
DA:29,88
DA:30,88
DA:33,3
DA:34,0
DA:35,0
DA:38,3
DA:39,3
DA:40,3
DA:41,3
DA:44,3
DA:45,3
DA:48,3
DA:52,3
DA:53,3
DA:54,3
DA:55,3
DA:56,3
DA:57,3
DA:58,0
DA:60,3
DA:61,3
DA:64,0
DA:70,3
DA:82,3
DA:83,3
DA:85,3
LF:45
LH:41
BRDA:57,0,0,0
BRDA:57,0,1,3
BRF:2
BRH:1
end_of_record
TN:
SF:src\controllers\auth_controller.ts
FN:13,(anonymous_8)
FN:13,(anonymous_9)
FN:51,(anonymous_10)
FN:51,(anonymous_11)
FN:71,(anonymous_12)
FN:71,(anonymous_13)
FN:90,(anonymous_14)
FN:115,(anonymous_15)
FN:115,(anonymous_16)
FN:163,(anonymous_17)
FN:163,(anonymous_18)
FN:217,(anonymous_19)
FN:217,(anonymous_20)
FN:228,(anonymous_21)
FN:228,(anonymous_22)
FN:246,(anonymous_23)
FN:256,(anonymous_24)
FN:256,(anonymous_25)
FN:267,(anonymous_26)
FN:267,(anonymous_27)
FN:296,(anonymous_28)
FN:324,(anonymous_29)
FN:340,(anonymous_30)
FNF:23
FNH:23
FNDA:18,(anonymous_8)
FNDA:18,(anonymous_9)
FNDA:2,(anonymous_10)
FNDA:2,(anonymous_11)
FNDA:1,(anonymous_12)
FNDA:1,(anonymous_13)
FNDA:18,(anonymous_14)
FNDA:21,(anonymous_15)
FNDA:21,(anonymous_16)
FNDA:3,(anonymous_17)
FNDA:3,(anonymous_18)
FNDA:7,(anonymous_19)
FNDA:7,(anonymous_20)
FNDA:5,(anonymous_21)
FNDA:5,(anonymous_22)
FNDA:2,(anonymous_23)
FNDA:7,(anonymous_24)
FNDA:7,(anonymous_25)
FNDA:5,(anonymous_26)
FNDA:5,(anonymous_27)
FNDA:2,(anonymous_28)
FNDA:26,(anonymous_29)
FNDA:22,(anonymous_30)
DA:2,3
DA:3,3
DA:4,3
DA:5,3
DA:6,3
DA:7,3
DA:8,3
DA:13,18
DA:15,18
DA:16,18
DA:17,18
DA:20,18
DA:21,1
DA:22,1
DA:23,1
DA:25,17
DA:27,17
DA:28,17
DA:29,0
DA:30,0
DA:34,17
DA:35,17
DA:38,17
DA:45,16
DA:47,1
DA:51,3
DA:52,2
DA:53,2
DA:54,2
DA:55,2
DA:56,2
DA:58,2
DA:59,2
DA:60,2
DA:61,2
DA:62,2
DA:63,2
DA:64,2
DA:65,2
DA:67,0
DA:71,3
DA:72,1
DA:73,1
DA:74,1
DA:75,1
DA:76,1
DA:77,1
DA:78,1
DA:79,1
DA:80,1
DA:81,1
DA:82,1
DA:83,1
DA:85,0
DA:90,3
DA:92,18
DA:93,18
DA:94,0
DA:96,18
DA:104,18
DA:111,18
DA:115,21
DA:116,21
DA:117,21
DA:118,21
DA:119,1
DA:120,1
DA:122,20
DA:124,20
DA:125,19
DA:126,1
DA:127,1
DA:130,18
DA:131,0
DA:132,0
DA:134,18
DA:135,18
DA:136,2
DA:137,2
DA:139,16
DA:140,16
DA:141,16
DA:142,0
DA:143,0
DA:146,16
DA:147,0
DA:149,16
DA:150,16
DA:151,16
DA:159,1
DA:162,3
DA:163,3
DA:164,3
DA:165,3
DA:166,3
DA:168,3
DA:169,1
DA:170,1
DA:172,2
DA:174,2
DA:180,1
DA:181,1
DA:182,0
DA:183,0
DA:186,1
DA:188,1
DA:189,1
DA:191,1
DA:193,1
DA:194,1
DA:195,1
DA:196,1
DA:197,1
DA:200,1
DA:201,1
DA:208,1
DA:209,1
DA:211,1
DA:217,7
DA:218,7
DA:219,7
DA:220,1
DA:221,1
DA:224,6
DA:225,1
DA:226,1
DA:228,5
DA:229,5
DA:230,1
DA:231,1
DA:233,4
DA:234,4
DA:235,4
DA:236,2
DA:237,0
DA:238,0
DA:240,2
DA:241,1
DA:242,1
DA:243,1
DA:244,1
DA:246,2
DA:247,1
DA:248,1
DA:249,1
DA:251,2
DA:256,7
DA:258,7
DA:259,7
DA:260,1
DA:261,1
DA:263,6
DA:264,1
DA:265,1
DA:267,5
DA:268,5
DA:269,1
DA:270,1
DA:273,4
DA:274,4
DA:275,4
DA:276,2
DA:277,0
DA:278,0
DA:281,2
DA:282,1
DA:283,1
DA:284,1
DA:285,1
DA:288,1
DA:289,1
DA:290,0
DA:291,0
DA:292,0
DA:293,0
DA:296,2
DA:299,1
DA:300,1
DA:303,1
DA:308,2
DA:324,3
DA:325,26
DA:326,26
DA:327,26
DA:328,26
DA:330,26
DA:331,3
DA:332,3
DA:334,23
DA:335,1
DA:336,1
DA:340,22
DA:341,22
DA:342,3
DA:343,3
DA:347,19
DA:350,19
DA:351,19
DA:357,3
LF:199
LH:179
BRDA:20,0,0,1
BRDA:20,1,0,18
BRDA:20,1,1,17
BRDA:28,2,0,0
BRDA:56,3,0,0
BRDA:56,3,1,2
BRDA:56,4,0,2
BRDA:56,4,1,2
BRDA:58,5,0,2
BRDA:58,5,1,0
BRDA:59,6,0,2
BRDA:59,6,1,0
BRDA:60,7,0,2
BRDA:60,7,1,0
BRDA:81,8,0,1
BRDA:81,8,1,0
BRDA:93,9,0,0
BRDA:118,10,0,1
BRDA:118,11,0,21
BRDA:118,11,1,20
BRDA:125,12,0,1
BRDA:130,13,0,0
BRDA:135,14,0,2
BRDA:141,15,0,0
BRDA:146,16,0,0
BRDA:168,17,0,1
BRDA:181,18,0,0
BRDA:191,19,0,1
BRDA:205,20,0,0
BRDA:205,20,1,1
BRDA:205,21,0,1
BRDA:205,21,1,1
BRDA:206,22,0,0
BRDA:206,22,1,1
BRDA:206,23,0,1
BRDA:206,23,1,1
BRDA:208,24,0,0
BRDA:208,24,1,1
BRDA:208,25,0,1
BRDA:208,25,1,1
BRDA:219,26,0,1
BRDA:224,27,0,1
BRDA:229,28,0,1
BRDA:236,29,0,0
BRDA:240,30,0,1
BRDA:240,31,0,2
BRDA:240,31,1,2
BRDA:259,32,0,1
BRDA:263,33,0,1
BRDA:268,34,0,1
BRDA:276,35,0,0
BRDA:281,36,0,1
BRDA:281,37,0,2
BRDA:281,37,1,2
BRDA:289,38,0,0
BRDA:326,39,0,26
BRDA:326,39,1,23
BRDA:330,40,0,3
BRDA:334,41,0,1
BRDA:341,42,0,3
BRF:60
BRH:43
end_of_record
TN:
SF:src\controllers\comment_controller.ts
FN:9,(anonymous_8)
FN:18,(anonymous_10)
FN:35,(anonymous_12)
FN:49,(anonymous_14)
FN:74,(anonymous_16)
FN:112,(anonymous_18)
FNF:6
FNH:6
FNDA:1,(anonymous_8)
FNDA:1,(anonymous_10)
FNDA:1,(anonymous_12)
FNDA:1,(anonymous_14)
FNDA:1,(anonymous_16)
FNDA:1,(anonymous_18)
DA:1,3
DA:3,3
DA:4,3
DA:5,3
DA:10,1
DA:11,1
DA:12,1
DA:14,0
DA:19,1
DA:20,1
DA:21,1
DA:23,1
DA:24,0
DA:26,1
DA:27,1
DA:28,1
DA:30,0
DA:36,1
DA:37,1
DA:38,1
DA:39,1
DA:40,1
DA:42,0
DA:45,0
DA:50,1
DA:51,1
DA:52,1
DA:54,1
DA:55,1
DA:56,1
DA:57,1
DA:58,1
DA:59,1
DA:60,1
DA:65,1
DA:66,1
DA:67,1
DA:68,1
DA:70,0
DA:75,1
DA:76,1
DA:77,1
DA:78,1
DA:79,1
DA:80,1
DA:81,1
DA:82,1
DA:83,1
DA:84,1
DA:85,1
DA:86,1
DA:93,1
DA:95,1
DA:96,1
DA:97,1
DA:100,0
DA:105,0
DA:113,1
DA:114,1
DA:115,1
DA:116,1
DA:117,1
DA:118,1
DA:119,1
DA:120,1
DA:125,1
DA:126,1
DA:128,1
DA:129,1
DA:131,1
DA:133,0
DA:135,0
DA:138,0
DA:143,3
LF:74
LH:63
BRDA:23,0,0,0
BRDA:39,1,0,1
BRDA:39,1,1,0
BRDA:66,2,0,0
BRDA:66,2,1,1
BRDA:66,3,0,1
BRDA:66,3,1,1
BRDA:82,4,0,0
BRDA:82,4,1,1
BRDA:82,5,0,1
BRDA:82,5,1,1
BRDA:84,6,0,0
BRDA:84,6,1,1
BRDA:84,7,0,1
BRDA:84,7,1,1
BRDA:93,8,0,1
BRDA:93,8,1,0
BRDA:128,9,0,1
BRDA:128,9,1,0
BRF:19
BRH:12
end_of_record
TN:
SF:src\controllers\post_controller.ts
FN:12,(anonymous_8)
FN:85,(anonymous_9)
FN:85,(anonymous_10)
FN:110,(anonymous_11)
FN:110,(anonymous_12)
FN:127,(anonymous_13)
FN:127,(anonymous_14)
FN:139,(anonymous_15)
FN:14,(anonymous_16)
FN:26,(anonymous_18)
FN:44,(anonymous_20)
FN:59,(anonymous_22)
FN:161,(anonymous_24)
FN:190,(anonymous_26)
FNF:14
FNH:13
FNDA:3,(anonymous_8)
FNDA:2,(anonymous_9)
FNDA:2,(anonymous_10)
FNDA:1,(anonymous_11)
FNDA:1,(anonymous_12)
FNDA:4,(anonymous_13)
FNDA:4,(anonymous_14)
FNDA:1,(anonymous_15)
FNDA:1,(anonymous_16)
FNDA:0,(anonymous_18)
FNDA:2,(anonymous_20)
FNDA:2,(anonymous_22)
FNDA:2,(anonymous_24)
FNDA:2,(anonymous_26)
DA:1,3
DA:4,3
DA:6,3
DA:7,3
DA:9,3
DA:10,3
DA:15,1
DA:17,1
DA:19,1
DA:20,1
DA:23,0
DA:27,0
DA:28,0
DA:29,0
DA:30,0
DA:31,0
DA:32,0
DA:33,0
DA:35,0
DA:39,0
DA:45,2
DA:46,2
DA:47,2
DA:48,2
DA:49,2
DA:50,2
DA:51,1
DA:53,1
DA:56,0
DA:60,2
DA:61,2
DA:62,2
DA:63,2
DA:64,2
DA:65,2
DA:66,2
DA:72,2
DA:73,2
DA:74,1
DA:75,1
DA:76,1
DA:78,1
DA:82,0
DA:85,3
DA:86,2
DA:87,2
DA:88,2
DA:89,2
DA:91,2
DA:92,2
DA:100,2
DA:105,0
DA:110,3
DA:111,1
DA:113,1
DA:114,1
DA:115,1
DA:116,1
DA:118,0
DA:119,0
DA:120,0
DA:121,0
DA:124,0
DA:127,4
DA:128,4
DA:130,4
DA:131,4
DA:132,4
DA:133,4
DA:135,4
DA:137,4
DA:138,4
DA:139,1
DA:140,1
DA:141,1
DA:142,1
DA:143,1
DA:145,3
DA:146,3
DA:147,2
DA:149,3
DA:150,3
DA:151,2
DA:153,1
DA:156,0
DA:162,2
DA:163,2
DA:164,2
DA:165,2
DA:166,2
DA:167,2
DA:168,2
DA:169,2
DA:170,1
DA:171,1
DA:173,1
DA:174,1
DA:175,1
DA:176,1
DA:177,1
DA:178,1
DA:179,1
DA:181,0
DA:185,0
DA:191,2
DA:192,2
DA:193,2
DA:194,2
DA:195,2
DA:196,2
DA:197,2
DA:198,2
DA:199,1
DA:200,1
DA:202,1
DA:204,1
DA:205,1
DA:206,1
DA:207,1
DA:209,0
DA:213,0
DA:219,3
LF:122
LH:99
BRDA:114,0,0,1
BRDA:120,1,0,0
BRDA:120,1,1,0
BRDA:120,2,0,0
BRDA:120,2,1,0
BRDA:121,3,0,0
BRDA:121,3,1,0
BRDA:121,4,0,0
BRDA:121,4,1,0
BRDA:138,5,0,1
BRDA:138,6,0,1
BRDA:138,6,1,3
BRDA:138,7,0,4
BRDA:138,7,1,3
BRDA:145,8,0,1
BRDA:145,8,1,2
BRDA:145,9,0,3
BRDA:145,9,1,2
BRDA:146,10,0,2
BRDA:149,11,0,1
BRDA:149,11,1,2
BRDA:149,12,0,3
BRDA:149,12,1,2
BRDA:150,13,0,2
BRDA:150,13,1,1
BRDA:150,14,0,1
BRDA:150,14,1,2
BRDA:150,15,0,3
BRDA:150,15,1,2
BRDA:32,16,0,0
BRDA:32,16,1,0
BRDA:50,17,0,1
BRDA:50,17,1,1
BRDA:73,18,0,1
BRDA:73,18,1,1
BRDA:169,19,0,1
BRDA:169,20,0,0
BRDA:169,20,1,2
BRDA:169,21,0,2
BRDA:169,21,1,2
BRDA:177,22,0,1
BRDA:177,22,1,0
BRDA:198,23,0,1
BRDA:198,24,0,0
BRDA:198,24,1,2
BRDA:198,25,0,2
BRDA:198,25,1,2
BRDA:205,26,0,1
BRDA:205,26,1,0
BRF:49
BRH:35
end_of_record
TN:
SF:src\middleware\multerMiddleware.ts
FN:6,(anonymous_1)
FNF:1
FNH:0
FNDA:0,(anonymous_1)
DA:2,3
DA:4,3
DA:7,0
DA:9,0
DA:13,3
DA:15,3
LF:6
LH:4
BRF:0
BRH:0
end_of_record
TN:
SF:src\models\comments_model.ts
FNF:0
FNH:0
DA:1,3
DA:3,3
DA:26,3
LF:3
LH:3
BRF:0
BRH:0
end_of_record
TN:
SF:src\models\posts_model.ts
FNF:0
FNH:0
DA:1,3
DA:4,3
DA:48,3
LF:3
LH:3
BRF:0
BRH:0
end_of_record
TN:
SF:src\models\users_model.ts
FNF:0
FNH:0
DA:2,3
DA:15,3
DA:40,3
DA:42,3
LF:4
LH:4
BRF:0
BRH:0
end_of_record
TN:
SF:src\routes\auth_routes.ts
FNF:0
FNH:0
DA:1,3
DA:3,3
DA:4,3
DA:6,3
DA:8,3
DA:9,3
DA:10,3
DA:11,3
DA:12,3
DA:13,3
DA:14,3
DA:177,3
LF:12
LH:12
BRF:0
BRH:0
end_of_record
TN:
SF:src\routes\comments_routes.ts
FNF:0
FNH:0
DA:1,3
DA:2,3
DA:3,3
DA:4,3
DA:7,3
DA:8,3
DA:9,3
DA:10,3
DA:11,3
DA:12,3
DA:195,3
LF:11
LH:11
BRF:0
BRH:0
end_of_record
TN:
SF:src\routes\file_routes.ts
FN:7,(anonymous_1)
FN:10,(anonymous_2)
FN:20,(anonymous_3)
FNF:3
FNH:0
FNDA:0,(anonymous_1)
FNDA:0,(anonymous_2)
FNDA:0,(anonymous_3)
DA:1,3
DA:2,3
DA:3,3
DA:5,3
DA:6,3
DA:8,0
DA:11,0
DA:15,0
DA:18,3
DA:20,3
DA:21,0
DA:22,0
DA:24,3
LF:13
LH:8
BRDA:21,0,0,0
BRDA:21,0,1,0
BRDA:21,1,0,0
BRDA:21,1,1,0
BRDA:22,2,0,0
BRDA:22,2,1,0
BRDA:22,3,0,0
BRDA:22,3,1,0
BRF:8
BRH:0
end_of_record
TN:
SF:src\routes\posts_routes.ts
FNF:0
FNH:0
DA:1,3
DA:2,3
DA:3,3
DA:4,3
DA:6,3
DA:8,3
DA:9,3
DA:10,3
DA:11,3
DA:12,3
DA:13,3
DA:14,3
DA:15,3
DA:16,3
DA:257,3
LF:15
LH:15
BRF:0
BRH:0
end_of_record
